#
# A fatal error has been detected by the Java Runtime Environment:
#
#  EXCEPTION_ACCESS_VIOLATION (0xc0000005) at pc=0x00007ffd84ea1ded, pid=19568, tid=10660
#
# JRE version: Java(TM) SE Runtime Environment (17.0.7+8) (build 17.0.7+8-LTS-224)
# Java VM: Java HotSpot(TM) 64-Bit Server VM (17.0.7+8-LTS-224, mixed mode, sharing, tiered, compressed oops, compressed class ptrs, g1 gc, windows-amd64)
# Problematic frame:
# V  [jvm.dll+0x2d1ded]
#
# No core dump will be written. Minidumps are not enabled by default on client versions of Windows
#
# If you would like to submit a bug report, please visit:
#   https://bugreport.java.com/bugreport/crash.jsp
#

---------------  S U M M A R Y ------------

Command Line: -javaagent:D:\Intellij IDE\IntelliJ IDEA Community Edition 2023.1.3\lib\idea_rt.jar=65519:D:\Intellij IDE\IntelliJ IDEA Community Edition 2023.1.3\bin -Dfile.encoding=UTF-8 com.mj.market.MarketApplication

Host: AMD Ryzen 7 5700G with Radeon Graphics         , 16 cores, 31G,  Windows 10 , 64 bit Build 19041 (10.0.19041.3393)
Time: Sun Oct  1 00:18:37 2023  Windows 10 , 64 bit Build 19041 (10.0.19041.3393) elapsed time: 2.331783 seconds (0d 0h 0m 2s)

---------------  T H R E A D  ---------------

Current thread (0x0000019f0c3d5370):  ConcurrentGCThread "G1 Conc#1" [stack: 0x0000002635b00000,0x0000002635c00000] [id=10660]

Stack: [0x0000002635b00000,0x0000002635c00000],  sp=0x0000002635bff6f0,  free space=1021k
Native frames: (J=compiled Java code, j=interpreted, Vv=VM code, C=native code)
V  [jvm.dll+0x2d1ded]
V  [jvm.dll+0x2e532e]
V  [jvm.dll+0x2e3f0c]
V  [jvm.dll+0x2e58cc]
V  [jvm.dll+0x2e483a]
V  [jvm.dll+0x2e8456]
V  [jvm.dll+0x804f2b]
V  [jvm.dll+0x804f76]
V  [jvm.dll+0x78759a]
V  [jvm.dll+0x675875]
C  [ucrtbase.dll+0x21bb2]
C  [KERNEL32.DLL+0x17344]
C  [ntdll.dll+0x526b1]


siginfo: EXCEPTION_ACCESS_VIOLATION (0xc0000005), reading address 0x00007ffe8566ed90


Register to memory mapping:

RIP=0x00007ffd84ea1ded jvm.dll
RAX=0x00007ffd8566ed90 jvm.dll
RBX=16777216 is a compressed pointer to class: 0x0000000801000000
jakarta.websocket.DeploymentException {0x0000000801000008}
 - instance size:     5
 - klass size:        75
 - access:            public synchronized 
 - state:             loaded
 - name:              'jakarta/websocket/DeploymentException'
 - super:             'java/lang/Exception'
 - sub:               
 - arrays:            NULL
 - methods:           Array<T>(0x0000019f121d5630)
 - method ordering:   Array<T>(0x00000008008f4220)
 - default_methods:   Array<T>(0x0000000000000000)
 - local interfaces:  Array<T>(0x00000008005cff48)
 - trans. interfaces: Array<T>(0x0000000800602f70)
 - constants:         constant pool [28] {0x0000019f121d54e0} for 'jakarta/websocket/DeploymentException'
 - class loader data:  loader data: 0x0000019f7f807b60 for instance a 'jdk/internal/loader/ClassLoaders$AppClassLoader'{0x000000060b674660}
 - source file:       'DeploymentException.java'
 - class annotations:       Array<T>(0x0000000000000000)
 - class type annotations:  Array<T>(0x0000000000000000)
 - field annotations:       Array<T>(0x0000000000000000)
 - field type annotations:  Array<T>(0x0000000000000000)
 - inner classes:     Array<T>(0x00000008005cfed8)
 - nest members:     Array<T>(0x00000008005cfed8)
 - permitted subclasses:     Array<T>(0x00000008005cfed8)
 - java mirror:       a 'java/lang/Class'{0x000000060ba14c68} = 'jakarta/websocket/DeploymentException'
 - vtable length      15  (start addr: 0x00000008010001c8)
 - itable length      2 (start addr: 0x0000000801000240)
 - ---- static fields (1 words):
 - private static final 'serialVersionUID' 'J' @112 
 - ---- non-static fields (6 words):
 - private transient 'depth' 'I' @12 
 - private transient 'backtrace' 'Ljava/lang/Object;' @16 
 - private 'detailMessage' 'Ljava/lang/String;' @20 
 - private 'cause' 'Ljava/lang/Throwable;' @24 
 - private 'stackTrace' '[Ljava/lang/StackTraceElement;' @28 
 - private 'suppressedExceptions' 'Ljava/util/List;' @32 
 - non-static oop maps: 16-32 
RCX=0x0000002635bff840 points into unknown readable memory: 0x00007ffd854c8048 | 48 80 4c 85 fd 7f 00 00
RDX=0x000000060c59d340 is pointing into object: [B 
{0x000000060c59d318} - klass: {type array byte}
 - length: 25
RSP=0x0000002635bff6f0 points into unknown readable memory: 0x0000000000000004 | 04 00 00 00 00 00 00 00
RBP=0x0000002635bff840 points into unknown readable memory: 0x00007ffd854c8048 | 48 80 4c 85 fd 7f 00 00
RSI=0x000000060c59d340 is pointing into object: [B 
{0x000000060c59d318} - klass: {type array byte}
 - length: 25
RDI=0x0000000800000011 is pointing into metadata
R8 =0x0000000800000011 is pointing into metadata
R9 =0x0000000020000000 is an unknown value
R10=0x0000000800000000 is pointing into metadata
R11=0x0000000000000003 is an unknown value
R12=0x0 is NULL
R13=0xaaaaaaaaaaaaaaab is an unknown value
R14=0x0 is NULL
R15=0x0000002635bff800 points into unknown readable memory: 0x0000019f5d83eeb0 | b0 ee 83 5d 9f 01 00 00


Registers:
RAX=0x00007ffd8566ed90, RBX=0x0000000001000000, RCX=0x0000002635bff840, RDX=0x000000060c59d340
RSP=0x0000002635bff6f0, RBP=0x0000002635bff840, RSI=0x000000060c59d340, RDI=0x0000000800000011
R8 =0x0000000800000011, R9 =0x0000000020000000, R10=0x0000000800000000, R11=0x0000000000000003
R12=0x0000000000000000, R13=0xaaaaaaaaaaaaaaab, R14=0x0000000000000000, R15=0x0000002635bff800
RIP=0x00007ffd84ea1ded, EFLAGS=0x0000000000010216

Top of Stack: (sp=0x0000002635bff6f0)
0x0000002635bff6f0:   0000000000000004 0000002635bff840
0x0000002635bff700:   000000060c609758 0000000000000000
0x0000002635bff710:   000000060c59d340 00007ffd84eb532e
0x0000002635bff720:   0000019f5d854c70 0000000000000040
0x0000002635bff730:   0000000000000576 00007ffd84eb7824
0x0000002635bff740:   0000000000000001 000000060b69cb60
0x0000002635bff750:   0000002635bff800 0000019f5d83eec0
0x0000002635bff760:   000000000005396c 00007ffd84eb3f0c
0x0000002635bff770:   000000000005396c 0000000000000000
0x0000002635bff780:   000000060c59d340 00007ffd84eb54d4
0x0000002635bff790:   0000000000080000 00007ffd84eb58cc
0x0000002635bff7a0:   000000060b69cb48 000000000005396c
0x0000002635bff7b0:   0000000000000001 0000019f5d854c70
0x0000002635bff7c0:   0000000000000000 0000000000000001
0x0000002635bff7d0:   0000019f5d854c70 00007ffd84eb483a
0x0000002635bff7e0:   0000019f5d854d08 0000000000000000 

Instructions: (pc=0x00007ffd84ea1ded)
0x00007ffd84ea1ced:   00 49 8b c2 4c 8d 0d c8 08 00 00 49 0f 45 c1 48
0x00007ffd84ea1cfd:   89 05 b5 d0 7c 00 49 3b c2 0f 84 f4 07 00 00 48
0x00007ffd84ea1d0d:   ff e0 cc 48 83 ec 38 80 3d d7 3f 83 00 00 4c 8d
0x00007ffd84ea1d1d:   1d 6e 81 d3 ff 41 0f 10 01 49 8b c3 4c 8d 15 60
0x00007ffd84ea1d2d:   81 d3 ff 49 0f 45 c2 48 89 05 45 d0 7c 00 0f 29
0x00007ffd84ea1d3d:   44 24 20 49 3b c3 74 07 4c 8d 4c 24 20 ff d0 48
0x00007ffd84ea1d4d:   83 c4 38 c3 cc cc cc cc cc cc cc cc cc cc cc cc
0x00007ffd84ea1d5d:   cc cc cc 80 3d 8b 3f 83 00 00 4c 8d 15 22 81 d3
0x00007ffd84ea1d6d:   ff 49 8b c2 4c 8d 0d 18 81 d3 ff 49 0f 45 c1 48
0x00007ffd84ea1d7d:   89 05 2d d0 7c 00 49 3b c2 74 03 48 ff e0 c3 cc
0x00007ffd84ea1d8d:   cc cc cc 48 89 5c 24 08 48 89 6c 24 10 48 89 74
0x00007ffd84ea1d9d:   24 18 57 48 83 ec 20 80 3d 48 3f 83 00 00 48 8b
0x00007ffd84ea1dad:   ea 48 8b f1 74 15 8b 79 08 8b 0d 0c c5 7c 00 48
0x00007ffd84ea1dbd:   d3 e7 48 03 3d fa c4 7c 00 eb 04 48 8b 79 08 48
0x00007ffd84ea1dcd:   8b d7 48 8b ce e8 a9 c6 ed ff 4c 63 4f 0c 8b d8
0x00007ffd84ea1ddd:   48 8d 05 ac cf 7c 00 4c 8b c7 48 8b d6 48 8b cd
0x00007ffd84ea1ded:   42 ff 14 c8 48 8b 6c 24 38 8b c3 48 8b 5c 24 30
0x00007ffd84ea1dfd:   48 8b 74 24 40 48 83 c4 20 5f c3 cc cc cc cc cc
0x00007ffd84ea1e0d:   cc cc cc 40 55 48 83 ec 30 48 89 5c 24 40 48 8b
0x00007ffd84ea1e1d:   e9 49 8b d8 48 89 74 24 48 44 8b 41 10 45 33 c9
0x00007ffd84ea1e2d:   4c 89 74 24 28 4c 89 7c 24 20 4c 8b fa 48 8b d1
0x00007ffd84ea1e3d:   48 8b 8b 98 00 00 00 e8 67 28 f2 ff 4c 63 93 a0
0x00007ffd84ea1e4d:   00 00 00 4c 63 8b 24 01 00 00 49 83 c2 39 8b 83
0x00007ffd84ea1e5d:   20 01 00 00 4d 03 d1 49 03 c2 4a 8d 34 d3 4c 8d
0x00007ffd84ea1e6d:   34 c3 49 3b f6 73 4d 48 89 7c 24 50 0f 1f 80 00
0x00007ffd84ea1e7d:   00 00 00 48 63 1e 8b 46 04 49 03 df 48 8d 3c c3
0x00007ffd84ea1e8d:   48 3b df 73 21 48 8b 4d 20 48 ff 81 b8 00 00 00
0x00007ffd84ea1e9d:   48 8b 13 48 85 d2 74 05 e8 f6 21 00 00 48 83 c3
0x00007ffd84ea1ead:   08 48 3b df 72 df 48 83 c6 08 49 3b f6 72 c4 48
0x00007ffd84ea1ebd:   8b 7c 24 50 49 8b cf e8 a7 cb 0b 00 4c 8b 7c 24
0x00007ffd84ea1ecd:   20 4c 8b 74 24 28 48 8b 74 24 48 48 8b 5c 24 40
0x00007ffd84ea1edd:   48 85 c0 74 17 44 8b 45 10 45 33 c9 48 8b d5 48 


Stack slot to memory mapping:
stack at sp + 0 slots: 0x0000000000000004 is an unknown value
stack at sp + 1 slots: 0x0000002635bff840 points into unknown readable memory: 0x00007ffd854c8048 | 48 80 4c 85 fd 7f 00 00
stack at sp + 2 slots: 0x000000060c609758 is an oop: java.lang.invoke.MethodType$ConcurrentWeakInternSet$WeakEntry 
{0x000000060c609758} - klass: 'java/lang/invoke/MethodType$ConcurrentWeakInternSet$WeakEntry'
 - ---- fields (total size 4 words):
 - private 'referent' 'Ljava/lang/Object;' @12  a 'java/lang/invoke/MethodType'{0x000000060c609778} = (Ljava/lang/invoke/VarHandle;Ljava/util/concurrent/ConcurrentLinkedQueue$Node;Ljava/lang/Object;)V (c18c12ef)
 - volatile 'queue' 'Ljava/lang/ref/ReferenceQueue;' @16  a 'java/lang/ref/ReferenceQueue'{0x000000060b69a330} (c16d3466)
 - volatile 'next' 'Ljava/lang/ref/Reference;' @20  NULL (0)
 - private transient 'discovered' 'Ljava/lang/ref/Reference;' @24  NULL (0)
 - public final 'hashcode' 'I' @28  -2021292027 (87858805)
stack at sp + 3 slots: 0x0 is NULL
stack at sp + 4 slots: 0x000000060c59d340 is pointing into object: [B 
{0x000000060c59d318} - klass: {type array byte}
 - length: 25
stack at sp + 5 slots: 0x00007ffd84eb532e jvm.dll
stack at sp + 6 slots: 0x0000019f5d854c70 points into unknown readable memory: 0x00007ffd854c8028 | 28 80 4c 85 fd 7f 00 00
stack at sp + 7 slots: 0x0000000000000040 is an unknown value


---------------  P R O C E S S  ---------------

Threads class SMR info:
_java_thread_list=0x0000019f12f45db0, length=26, elements={
0x0000019f5d78bd20, 0x0000019f7f8bc820, 0x0000019f7f8bd5a0, 0x0000019f7f8d3490,
0x0000019f0a331fe0, 0x0000019f0a3328a0, 0x0000019f7f8d7160, 0x0000019f7f8d8160,
0x0000019f7f8e4370, 0x0000019f7f8e6c80, 0x0000019f0a427d20, 0x0000019f0a42b020,
0x0000019f0a460610, 0x0000019f0a63d2a0, 0x0000019f0a63d770, 0x0000019f0b726c90,
0x0000019f0c392480, 0x0000019f0c4b6010, 0x0000019f0b3e7a00, 0x0000019f0c2709c0,
0x0000019f0cbbb050, 0x0000019f0c4dc4f0, 0x0000019f0f82dd20, 0x0000019f0d0da810,
0x0000019f0d0dc9c0, 0x0000019f0d0db1b0
}

Java Threads: ( => current thread )
  0x0000019f5d78bd20 JavaThread "main" [_thread_blocked, id=12116, stack(0x0000002633200000,0x0000002633300000)]
  0x0000019f7f8bc820 JavaThread "Reference Handler" daemon [_thread_blocked, id=19544, stack(0x0000002633900000,0x0000002633a00000)]
  0x0000019f7f8bd5a0 JavaThread "Finalizer" daemon [_thread_blocked, id=9136, stack(0x0000002633a00000,0x0000002633b00000)]
  0x0000019f7f8d3490 JavaThread "Signal Dispatcher" daemon [_thread_blocked, id=1920, stack(0x0000002633b00000,0x0000002633c00000)]
  0x0000019f0a331fe0 JavaThread "Attach Listener" daemon [_thread_blocked, id=17296, stack(0x0000002633c00000,0x0000002633d00000)]
  0x0000019f0a3328a0 JavaThread "Service Thread" daemon [_thread_blocked, id=14328, stack(0x0000002633d00000,0x0000002633e00000)]
  0x0000019f7f8d7160 JavaThread "Monitor Deflation Thread" daemon [_thread_blocked, id=3220, stack(0x0000002633e00000,0x0000002633f00000)]
  0x0000019f7f8d8160 JavaThread "C2 CompilerThread0" daemon [_thread_blocked, id=19828, stack(0x0000002633f00000,0x0000002634000000)]
  0x0000019f7f8e4370 JavaThread "C1 CompilerThread0" daemon [_thread_blocked, id=1188, stack(0x0000002634000000,0x0000002634100000)]
  0x0000019f7f8e6c80 JavaThread "Sweeper thread" daemon [_thread_blocked, id=17516, stack(0x0000002634100000,0x0000002634200000)]
  0x0000019f0a427d20 JavaThread "Common-Cleaner" daemon [_thread_blocked, id=13008, stack(0x0000002634200000,0x0000002634300000)]
  0x0000019f0a42b020 JavaThread "C1 CompilerThread1" daemon [_thread_blocked, id=14240, stack(0x0000002634300000,0x0000002634400000)]
  0x0000019f0a460610 JavaThread "C2 CompilerThread1" daemon [_thread_in_native, id=14836, stack(0x0000002634400000,0x0000002634500000)]
  0x0000019f0a63d2a0 JavaThread "Monitor Ctrl-Break" daemon [_thread_in_native, id=19596, stack(0x0000002634500000,0x0000002634600000)]
  0x0000019f0a63d770 JavaThread "Notification Thread" daemon [_thread_blocked, id=17060, stack(0x0000002634600000,0x0000002634700000)]
  0x0000019f0b726c90 JavaThread "C2 CompilerThread2" daemon [_thread_blocked, id=13932, stack(0x0000002634800000,0x0000002634900000)]
  0x0000019f0c392480 JavaThread "Thread-0" [_thread_blocked, id=7464, stack(0x0000002634900000,0x0000002634a00000)]
  0x0000019f0c4b6010 JavaThread "restartedMain" [_thread_blocked, id=13024, stack(0x0000002634a00000,0x0000002634b00000)]
  0x0000019f0b3e7a00 JavaThread "C1 CompilerThread2" daemon [_thread_blocked, id=8944, stack(0x0000002634b00000,0x0000002634c00000)]
  0x0000019f0c2709c0 JavaThread "C2 CompilerThread3" daemon [_thread_in_native, id=18356, stack(0x0000002635800000,0x0000002635900000)]
  0x0000019f0cbbb050 JavaThread "C2 CompilerThread4" daemon [_thread_blocked, id=11124, stack(0x0000002635900000,0x0000002635a00000)]
  0x0000019f0c4dc4f0 JavaThread "C1 CompilerThread3" daemon [_thread_blocked, id=3364, stack(0x0000002635a00000,0x0000002635b00000)]
  0x0000019f0f82dd20 JavaThread "C2 CompilerThread5" daemon [_thread_in_native, id=18440, stack(0x0000002635d00000,0x0000002635e00000)]
  0x0000019f0d0da810 JavaThread "Catalina-utility-1" [_thread_blocked, id=6024, stack(0x0000002635e00000,0x0000002635f00000)]
  0x0000019f0d0dc9c0 JavaThread "Catalina-utility-2" [_thread_blocked, id=17884, stack(0x0000002635f00000,0x0000002636000000)]
  0x0000019f0d0db1b0 JavaThread "container-0" [_thread_blocked, id=13844, stack(0x0000002636000000,0x0000002636100000)]

Other Threads:
  0x0000019f7f8b7d10 VMThread "VM Thread" [stack: 0x0000002633800000,0x0000002633900000] [id=19724]
  0x0000019f7f6f17e0 WatcherThread [stack: 0x0000002634700000,0x0000002634800000] [id=17040]
  0x0000019f5d83d990 GCTaskThread "GC Thread#0" [stack: 0x0000002633300000,0x0000002633400000] [id=18384]
  0x0000019f0c1ffa50 GCTaskThread "GC Thread#1" [stack: 0x0000002634c00000,0x0000002634d00000] [id=6344]
  0x0000019f0b3e82c0 GCTaskThread "GC Thread#2" [stack: 0x0000002634d00000,0x0000002634e00000] [id=20368]
  0x0000019f0bad2770 GCTaskThread "GC Thread#3" [stack: 0x0000002634e00000,0x0000002634f00000] [id=12056]
  0x0000019f0bad2a20 GCTaskThread "GC Thread#4" [stack: 0x0000002634f00000,0x0000002635000000] [id=6784]
  0x0000019f0bad2cd0 GCTaskThread "GC Thread#5" [stack: 0x0000002635000000,0x0000002635100000] [id=2616]
  0x0000019f0bad2f80 GCTaskThread "GC Thread#6" [stack: 0x0000002635100000,0x0000002635200000] [id=9692]
  0x0000019f0c2d0b40 GCTaskThread "GC Thread#7" [stack: 0x0000002635200000,0x0000002635300000] [id=17244]
  0x0000019f0c2d1270 GCTaskThread "GC Thread#8" [stack: 0x0000002635300000,0x0000002635400000] [id=15604]
  0x0000019f0c2d1520 GCTaskThread "GC Thread#9" [stack: 0x0000002635400000,0x0000002635500000] [id=20092]
  0x0000019f0c2d17d0 GCTaskThread "GC Thread#10" [stack: 0x0000002635500000,0x0000002635600000] [id=1528]
  0x0000019f0b7fd730 GCTaskThread "GC Thread#11" [stack: 0x0000002635600000,0x0000002635700000] [id=16692]
  0x0000019f0c3d58d0 GCTaskThread "GC Thread#12" [stack: 0x0000002635700000,0x0000002635800000] [id=10204]
  0x0000019f5d851260 ConcurrentGCThread "G1 Main Marker" [stack: 0x0000002633400000,0x0000002633500000] [id=6620]
  0x0000019f5d851b80 ConcurrentGCThread "G1 Conc#0" [stack: 0x0000002633500000,0x0000002633600000] [id=18208]
=>0x0000019f0c3d5370 ConcurrentGCThread "G1 Conc#1" [stack: 0x0000002635b00000,0x0000002635c00000] [id=10660]
  0x0000019f0c3d60e0 ConcurrentGCThread "G1 Conc#2" [stack: 0x0000002635c00000,0x0000002635d00000] [id=16536]
  0x0000019f7f7f2860 ConcurrentGCThread "G1 Refine#0" [stack: 0x0000002633600000,0x0000002633700000] [id=5156]
  0x0000019f7f7f3190 ConcurrentGCThread "G1 Service" [stack: 0x0000002633700000,0x0000002633800000] [id=16188]

Threads with active compile tasks:
C2 CompilerThread1     2351 4463       4       org.springframework.beans.factory.support.AbstractBeanFactory::isTypeMatch (619 bytes)
C2 CompilerThread3     2351 4487       4       java.util.function.BiPredicate$$Lambda$120/0x0000000800ccde38::test (16 bytes)
C2 CompilerThread5     2351 4484       4       org.springframework.boot.context.properties.source.SpringConfigurationPropertySources$SourcesIterator::fetchNext (139 bytes)

VM state: not at safepoint (normal execution)

VM Mutex/Monitor currently owned by a thread:  ([mutex/lock_event])
[0x0000019f5d788370] Heap_lock - owner thread: 0x0000019f0c4b6010

Heap address: 0x000000060b400000, size: 8012 MB, Compressed Oops mode: Zero based, Oop shift amount: 3

CDS archive(s) mapped at: [0x0000000800000000-0x0000000800bd0000-0x0000000800bd0000), size 12386304, SharedBaseAddress: 0x0000000800000000, ArchiveRelocationMode: 0.
Compressed class space mapped at: 0x0000000800c00000-0x0000000840c00000, reserved size: 1073741824
Narrow klass base: 0x0000000800000000, Narrow klass shift: 0, Narrow klass range: 0x100000000

GC Precious Log:
 CPUs: 16 total, 16 available
 Memory: 32043M
 Large Page Support: Disabled
 NUMA Support: Disabled
 Compressed Oops: Enabled (Zero based)
 Heap Region Size: 4M
 Heap Min Capacity: 8M
 Heap Initial Capacity: 504M
 Heap Max Capacity: 8012M
 Pre-touch: Disabled
 Parallel Workers: 13
 Concurrent Workers: 3
 Concurrent Refinement Workers: 13
 Periodic GC: Disabled

Heap:
 garbage-first heap   total 69632K, used 20280K [0x000000060b400000, 0x0000000800000000)
  region size 4096K, 2 young (8192K), 1 survivors (4096K)
 Metaspace       used 35838K, committed 36288K, reserved 1081344K
  class space    used 4681K, committed 4928K, reserved 1048576K

Heap Regions: E=young(eden), S=young(survivor), O=old, HS=humongous(starts), HC=humongous(continues), CS=collection set, F=free, OA=open archive, CA=closed archive, TAMS=top-at-mark-start (previous, next)
|   0|0x000000060b400000, 0x000000060b800000, 0x000000060b800000|100%| O|  |TAMS 0x000000060b800000, 0x000000060b800000| Untracked 
|   1|0x000000060b800000, 0x000000060ba9a800, 0x000000060bc00000| 65%| O|  |TAMS 0x000000060b800000, 0x000000060b800000| Untracked 
|   2|0x000000060bc00000, 0x000000060c000000, 0x000000060c000000|100%| O|  |TAMS 0x000000060bc00000, 0x000000060c000000| Untracked 
|   3|0x000000060c000000, 0x000000060c400000, 0x000000060c400000|100%| O|  |TAMS 0x000000060c000000, 0x000000060c400000| Untracked 
|   4|0x000000060c400000, 0x000000060c800000, 0x000000060c800000|100%| O|  |TAMS 0x000000060c400000, 0x000000060c79ec00| Untracked 
|   5|0x000000060c800000, 0x000000060c800000, 0x000000060cc00000|  0%| F|  |TAMS 0x000000060c800000, 0x000000060c800000| Untracked 
|   6|0x000000060cc00000, 0x000000060cc00000, 0x000000060d000000|  0%| F|  |TAMS 0x000000060cc00000, 0x000000060cc00000| Untracked 
|   7|0x000000060d000000, 0x000000060d000000, 0x000000060d400000|  0%| F|  |TAMS 0x000000060d000000, 0x000000060d000000| Untracked 
|   8|0x000000060d400000, 0x000000060d400000, 0x000000060d800000|  0%| F|  |TAMS 0x000000060d400000, 0x000000060d400000| Untracked 
|   9|0x000000060d800000, 0x000000060d800000, 0x000000060dc00000|  0%| F|  |TAMS 0x000000060d800000, 0x000000060d800000| Untracked 
|  10|0x000000060dc00000, 0x000000060dc00000, 0x000000060e000000|  0%| F|  |TAMS 0x000000060dc00000, 0x000000060dc00000| Untracked 
|  11|0x000000060e000000, 0x000000060e133ac0, 0x000000060e400000| 30%| S|CS|TAMS 0x000000060e000000, 0x000000060e000000| Complete 
|  12|0x000000060e400000, 0x000000060e400000, 0x000000060e800000|  0%| F|  |TAMS 0x000000060e400000, 0x000000060e400000| Untracked 
|  13|0x000000060e800000, 0x000000060e800000, 0x000000060ec00000|  0%| F|  |TAMS 0x000000060e800000, 0x000000060e800000| Untracked 
| 118|0x0000000628c00000, 0x0000000628c00000, 0x0000000629000000|  0%| F|  |TAMS 0x0000000628c00000, 0x0000000628c00000| Untracked 
| 119|0x0000000629000000, 0x0000000629000000, 0x0000000629400000|  0%| F|  |TAMS 0x0000000629000000, 0x0000000629000000| Untracked 
| 125|0x000000062a800000, 0x000000062a9a8390, 0x000000062ac00000| 41%| E|  |TAMS 0x000000062a800000, 0x000000062a800000| Complete 

Card table byte_map: [0x0000019f75840000,0x0000019f767f0000] _byte_map_base: 0x0000019f727e6000

Marking Bits (Prev, Next): (CMBitMap*) 0x0000019f5d83ef00, (CMBitMap*) 0x0000019f5d83eec0
 Prev Bits: [0x0000019f00000000, 0x0000019f07d30000)
 Next Bits: [0x0000019f777a0000, 0x0000019f7f4d0000)

Polling page: 0x0000019f5b6f0000

Metaspace:

Usage:
  Non-class:     30.43 MB used.
      Class:      4.57 MB used.
       Both:     35.00 MB used.

Virtual space:
  Non-class space:       32.00 MB reserved,      30.62 MB ( 96%) committed,  4 nodes.
      Class space:        1.00 GB reserved,       4.81 MB ( <1%) committed,  1 nodes.
             Both:        1.03 GB reserved,      35.44 MB (  3%) committed. 

Chunk freelists:
   Non-Class:  704.00 KB
       Class:  3.23 MB
        Both:  3.92 MB

MaxMetaspaceSize: unlimited
CompressedClassSpaceSize: 1.00 GB
Initial GC threshold: 21.00 MB
Current GC threshold: 35.44 MB
CDS: on
MetaspaceReclaimPolicy: balanced
 - commit_granule_bytes: 65536.
 - commit_granule_words: 8192.
 - virtual_space_node_default_size: 1048576.
 - enlarge_chunks_in_place: 1.
 - new_chunks_are_fully_committed: 0.
 - uncommit_free_chunks: 1.
 - use_allocation_guard: 0.
 - handle_deallocations: 1.


Internal statistics:

num_allocs_failed_limit: 8.
num_arena_births: 568.
num_arena_deaths: 0.
num_vsnodes_births: 5.
num_vsnodes_deaths: 0.
num_space_committed: 567.
num_space_uncommitted: 0.
num_chunks_returned_to_freelist: 8.
num_chunks_taken_from_freelist: 1900.
num_chunk_merges: 8.
num_chunk_splits: 1288.
num_chunks_enlarged: 939.
num_purges: 0.
num_inconsistent_stats: 0.

CodeHeap 'non-profiled nmethods': size=119168Kb used=3387Kb max_used=3387Kb free=115780Kb
 bounds [0x0000019f6cbb0000, 0x0000019f6cf00000, 0x0000019f74010000]
CodeHeap 'profiled nmethods': size=119104Kb used=10106Kb max_used=10106Kb free=108997Kb
 bounds [0x0000019f65010000, 0x0000019f659f0000, 0x0000019f6c460000]
CodeHeap 'non-nmethods': size=7488Kb used=2916Kb max_used=3030Kb free=4571Kb
 bounds [0x0000019f6c460000, 0x0000019f6c760000, 0x0000019f6cbb0000]
 total_blobs=5102 nmethods=4567 adapters=444
 compilation: enabled
              stopped_count=0, restarted_count=0
 full_count=0

Compilation events (20 events):
Event: 2.319 Thread 0x0000019f0c4dc4f0 4561       3       jdk.internal.loader.BuiltinClassLoader::findResources (182 bytes)
Event: 2.319 Thread 0x0000019f7f8e4370 4562       3       jdk.internal.loader.BuiltinClassLoader::findResourcesOnClassPath (43 bytes)
Event: 2.319 Thread 0x0000019f0b3e7a00 4563       3       jdk.internal.loader.BuiltinClassLoader$1::<init> (33 bytes)
Event: 2.319 Thread 0x0000019f0a42b020 4564       3       jdk.internal.loader.ClassLoaders::bootLoader (4 bytes)
Event: 2.319 Thread 0x0000019f0a42b020 nmethod 4564 0x0000019f659e8590 code [0x0000019f659e8720, 0x0000019f659e8818]
Event: 2.319 Thread 0x0000019f0b3e7a00 nmethod 4563 0x0000019f659e8890 code [0x0000019f659e8a40, 0x0000019f659e8e08]
Event: 2.319 Thread 0x0000019f0a42b020 4565       3       java.util.zip.ZipFile$ZipEntryIterator::hasMoreElements (5 bytes)
Event: 2.319 Thread 0x0000019f0b3e7a00 4566       3       java.util.zip.ZipFile$ZipEntryIterator::nextElement (5 bytes)
Event: 2.319 Thread 0x0000019f0a42b020 nmethod 4565 0x0000019f659e8f10 code [0x0000019f659e90a0, 0x0000019f659e9278]
Event: 2.319 Thread 0x0000019f0b3e7a00 nmethod 4566 0x0000019f659e9310 code [0x0000019f659e94c0, 0x0000019f659e9688]
Event: 2.319 Thread 0x0000019f0a42b020 4567       3       java.util.zip.ZipFile$ZipEntryIterator::nextElement (5 bytes)
Event: 2.319 Thread 0x0000019f0b3e7a00 4568   !   3       java.util.zip.ZipFile$ZipEntryIterator::next (71 bytes)
Event: 2.319 Thread 0x0000019f0a42b020 nmethod 4567 0x0000019f659e9790 code [0x0000019f659e9940, 0x0000019f659e9a88]
Event: 2.319 Thread 0x0000019f7f8e4370 nmethod 4562 0x0000019f659e9b10 code [0x0000019f659e9d60, 0x0000019f659ea6b8]
Event: 2.320 Thread 0x0000019f0b3e7a00 nmethod 4568 0x0000019f659ea990 code [0x0000019f659eab80, 0x0000019f659eb0c8]
Event: 2.321 Thread 0x0000019f0c4dc4f0 nmethod 4561 0x0000019f659eb510 code [0x0000019f659eb940, 0x0000019f659edca8]
Event: 2.322 Thread 0x0000019f0c4dc4f0 4569       3       java.util.List::of (4 bytes)
Event: 2.322 Thread 0x0000019f0c4dc4f0 nmethod 4569 0x0000019f659ee890 code [0x0000019f659eea20, 0x0000019f659eeb18]
Event: 2.322 Thread 0x0000019f0cbbb050 4570       4       jdk.internal.misc.VM::initLevel (4 bytes)
Event: 2.322 Thread 0x0000019f0cbbb050 nmethod 4570 0x0000019f6cef0090 code [0x0000019f6cef0200, 0x0000019f6cef0278]

GC Heap History (16 events):
Event: 0.361 GC heap before
{Heap before GC invocations=0 (full 0):
 garbage-first heap   total 516096K, used 24576K [0x000000060b400000, 0x0000000800000000)
  region size 4096K, 6 young (24576K), 0 survivors (0K)
 Metaspace       used 5067K, committed 5248K, reserved 1056768K
  class space    used 563K, committed 640K, reserved 1048576K
}
Event: 0.364 GC heap after
{Heap after GC invocations=1 (full 0):
 garbage-first heap   total 516096K, used 6542K [0x000000060b400000, 0x0000000800000000)
  region size 4096K, 1 young (4096K), 1 survivors (4096K)
 Metaspace       used 5067K, committed 5248K, reserved 1056768K
  class space    used 563K, committed 640K, reserved 1048576K
}
Event: 0.613 GC heap before
{Heap before GC invocations=1 (full 0):
 garbage-first heap   total 516096K, used 27022K [0x000000060b400000, 0x0000000800000000)
  region size 4096K, 6 young (24576K), 1 survivors (4096K)
 Metaspace       used 10324K, committed 10496K, reserved 1064960K
  class space    used 1288K, committed 1344K, reserved 1048576K
}
Event: 0.615 GC heap after
{Heap after GC invocations=2 (full 0):
 garbage-first heap   total 516096K, used 8228K [0x000000060b400000, 0x0000000800000000)
  region size 4096K, 1 young (4096K), 1 survivors (4096K)
 Metaspace       used 10324K, committed 10496K, reserved 1064960K
  class space    used 1288K, committed 1344K, reserved 1048576K
}
Event: 0.916 GC heap before
{Heap before GC invocations=2 (full 0):
 garbage-first heap   total 516096K, used 53284K [0x000000060b400000, 0x0000000800000000)
  region size 4096K, 12 young (49152K), 1 survivors (4096K)
 Metaspace       used 19487K, committed 19712K, reserved 1073152K
  class space    used 2467K, committed 2560K, reserved 1048576K
}
Event: 0.918 GC heap after
{Heap after GC invocations=3 (full 0):
 garbage-first heap   total 516096K, used 11838K [0x000000060b400000, 0x0000000800000000)
  region size 4096K, 2 young (8192K), 2 survivors (8192K)
 Metaspace       used 19487K, committed 19712K, reserved 1073152K
  class space    used 2467K, committed 2560K, reserved 1048576K
}
Event: 1.105 GC heap before
{Heap before GC invocations=3 (full 0):
 garbage-first heap   total 516096K, used 32318K [0x000000060b400000, 0x0000000800000000)
  region size 4096K, 8 young (32768K), 2 survivors (8192K)
 Metaspace       used 21235K, committed 21504K, reserved 1073152K
  class space    used 2670K, committed 2752K, reserved 1048576K
}
Event: 1.107 GC heap after
{Heap after GC invocations=4 (full 0):
 garbage-first heap   total 516096K, used 13277K [0x000000060b400000, 0x0000000800000000)
  region size 4096K, 2 young (8192K), 2 survivors (8192K)
 Metaspace       used 21235K, committed 21504K, reserved 1073152K
  class space    used 2670K, committed 2752K, reserved 1048576K
}
Event: 1.550 GC heap before
{Heap before GC invocations=5 (full 0):
 garbage-first heap   total 69632K, used 46045K [0x000000060b400000, 0x0000000800000000)
  region size 4096K, 10 young (40960K), 2 survivors (8192K)
 Metaspace       used 25779K, committed 26176K, reserved 1073152K
  class space    used 3313K, committed 3456K, reserved 1048576K
}
Event: 1.554 GC heap after
{Heap after GC invocations=6 (full 0):
 garbage-first heap   total 69632K, used 15410K [0x000000060b400000, 0x0000000800000000)
  region size 4096K, 2 young (8192K), 2 survivors (8192K)
 Metaspace       used 25779K, committed 26176K, reserved 1073152K
  class space    used 3313K, committed 3456K, reserved 1048576K
}
Event: 1.630 GC heap before
{Heap before GC invocations=6 (full 0):
 garbage-first heap   total 69632K, used 19506K [0x000000060b400000, 0x0000000800000000)
  region size 4096K, 3 young (12288K), 2 survivors (8192K)
 Metaspace       used 26742K, committed 27136K, reserved 1073152K
  class space    used 3457K, committed 3648K, reserved 1048576K
}
Event: 1.633 GC heap after
{Heap after GC invocations=7 (full 0):
 garbage-first heap   total 69632K, used 16864K [0x000000060b400000, 0x0000000800000000)
  region size 4096K, 1 young (4096K), 1 survivors (4096K)
 Metaspace       used 26742K, committed 27136K, reserved 1073152K
  class space    used 3457K, committed 3648K, reserved 1048576K
}
Event: 2.062 GC heap before
{Heap before GC invocations=7 (full 0):
 garbage-first heap   total 69632K, used 45536K [0x000000060b400000, 0x0000000800000000)
  region size 4096K, 8 young (32768K), 1 survivors (4096K)
 Metaspace       used 31919K, committed 32448K, reserved 1081344K
  class space    used 4105K, committed 4352K, reserved 1048576K
}
Event: 2.064 GC heap after
{Heap after GC invocations=8 (full 0):
 garbage-first heap   total 69632K, used 19205K [0x000000060b400000, 0x0000000800000000)
  region size 4096K, 1 young (4096K), 1 survivors (4096K)
 Metaspace       used 31919K, committed 32448K, reserved 1081344K
  class space    used 4105K, committed 4352K, reserved 1048576K
}
Event: 2.316 GC heap before
{Heap before GC invocations=8 (full 0):
 garbage-first heap   total 69632K, used 35589K [0x000000060b400000, 0x0000000800000000)
  region size 4096K, 6 young (24576K), 1 survivors (4096K)
 Metaspace       used 35499K, committed 35968K, reserved 1081344K
  class space    used 4637K, committed 4864K, reserved 1048576K
}
Event: 2.318 GC heap after
{Heap after GC invocations=9 (full 0):
 garbage-first heap   total 69632K, used 20280K [0x000000060b400000, 0x0000000800000000)
  region size 4096K, 1 young (4096K), 1 survivors (4096K)
 Metaspace       used 35499K, committed 35968K, reserved 1081344K
  class space    used 4637K, committed 4864K, reserved 1048576K
}

Deoptimization events (20 events):
Event: 2.153 Thread 0x0000019f0c4b6010 DEOPT PACKING pc=0x0000019f6ce7e208 sp=0x0000002634afda20
Event: 2.153 Thread 0x0000019f0c4b6010 DEOPT UNPACKING pc=0x0000019f6c4b23a3 sp=0x0000002634afd9e0 mode 2
Event: 2.210 Thread 0x0000019f0c4b6010 DEOPT PACKING pc=0x0000019f652719a3 sp=0x0000002634afc480
Event: 2.210 Thread 0x0000019f0c4b6010 DEOPT UNPACKING pc=0x0000019f6c4b2b43 sp=0x0000002634afb8f0 mode 0
Event: 2.223 Thread 0x0000019f0c4b6010 Uncommon trap: trap_request=0xffffffc6 fr.pc=0x0000019f6ceb2550 relative=0x00000000000006b0
Event: 2.223 Thread 0x0000019f0c4b6010 Uncommon trap: reason=bimorphic_or_optimized_type_check action=maybe_recompile pc=0x0000019f6ceb2550 method=java.util.HashMap.getNode(Ljava/lang/Object;)Ljava/util/HashMap$Node; @ 63 c2
Event: 2.223 Thread 0x0000019f0c4b6010 DEOPT PACKING pc=0x0000019f6ceb2550 sp=0x0000002634afd300
Event: 2.224 Thread 0x0000019f0c4b6010 DEOPT UNPACKING pc=0x0000019f6c4b23a3 sp=0x0000002634afd228 mode 2
Event: 2.224 Thread 0x0000019f0c4b6010 Uncommon trap: trap_request=0xffffffc6 fr.pc=0x0000019f6ceb2550 relative=0x00000000000006b0
Event: 2.224 Thread 0x0000019f0c4b6010 Uncommon trap: reason=bimorphic_or_optimized_type_check action=maybe_recompile pc=0x0000019f6ceb2550 method=java.util.HashMap.getNode(Ljava/lang/Object;)Ljava/util/HashMap$Node; @ 63 c2
Event: 2.224 Thread 0x0000019f0c4b6010 DEOPT PACKING pc=0x0000019f6ceb2550 sp=0x0000002634afd300
Event: 2.224 Thread 0x0000019f0c4b6010 DEOPT UNPACKING pc=0x0000019f6c4b23a3 sp=0x0000002634afd228 mode 2
Event: 2.224 Thread 0x0000019f0c4b6010 Uncommon trap: trap_request=0xffffffc6 fr.pc=0x0000019f6ceb2550 relative=0x00000000000006b0
Event: 2.224 Thread 0x0000019f0c4b6010 Uncommon trap: reason=bimorphic_or_optimized_type_check action=maybe_recompile pc=0x0000019f6ceb2550 method=java.util.HashMap.getNode(Ljava/lang/Object;)Ljava/util/HashMap$Node; @ 63 c2
Event: 2.224 Thread 0x0000019f0c4b6010 DEOPT PACKING pc=0x0000019f6ceb2550 sp=0x0000002634afd300
Event: 2.224 Thread 0x0000019f0c4b6010 DEOPT UNPACKING pc=0x0000019f6c4b23a3 sp=0x0000002634afd228 mode 2
Event: 2.224 Thread 0x0000019f0c4b6010 Uncommon trap: trap_request=0xffffffc6 fr.pc=0x0000019f6ceb2550 relative=0x00000000000006b0
Event: 2.224 Thread 0x0000019f0c4b6010 Uncommon trap: reason=bimorphic_or_optimized_type_check action=maybe_recompile pc=0x0000019f6ceb2550 method=java.util.HashMap.getNode(Ljava/lang/Object;)Ljava/util/HashMap$Node; @ 63 c2
Event: 2.224 Thread 0x0000019f0c4b6010 DEOPT PACKING pc=0x0000019f6ceb2550 sp=0x0000002634afd300
Event: 2.224 Thread 0x0000019f0c4b6010 DEOPT UNPACKING pc=0x0000019f6c4b23a3 sp=0x0000002634afd228 mode 2

Classes unloaded (0 events):
No events

Classes redefined (0 events):
No events

Internal exceptions (20 events):
Event: 1.720 Thread 0x0000019f0c4b6010 Exception <a 'java/lang/NoSuchMethodError'{0x0000000628d29a88}: 'void java.lang.invoke.DirectMethodHandle$Holder.invokeVirtual(java.lang.Object, java.lang.Object, int)'> (0x0000000628d29a88) 
thrown [s\open\src\hotspot\share\interpreter\linkResolver.cpp, line 759]
Event: 1.720 Thread 0x0000019f0c4b6010 Exception <a 'java/lang/NoSuchMethodError'{0x0000000628d2fcd0}: 'void java.lang.invoke.DirectMethodHandle$Holder.invokeStatic(java.lang.Object, java.lang.Object, java.lang.Object, int, java.lang.Object)'> (0x0000000628d2fcd0) 
thrown [s\open\src\hotspot\share\interpreter\linkResolver.cpp, line 759]
Event: 1.721 Thread 0x0000019f0c4b6010 Exception <a 'java/lang/NoSuchMethodError'{0x0000000628d371d8}: 'java.lang.Object java.lang.invoke.DirectMethodHandle$Holder.newInvokeSpecial(java.lang.Object, java.lang.Object, java.lang.Object, int)'> (0x0000000628d371d8) 
thrown [s\open\src\hotspot\share\interpreter\linkResolver.cpp, line 759]
Event: 1.721 Thread 0x0000019f0c4b6010 Exception <a 'java/lang/NoSuchMethodError'{0x0000000628d3b4c0}: 'java.lang.Object java.lang.invoke.DirectMethodHandle$Holder.invokeSpecial(java.lang.Object, java.lang.Object, java.lang.Object, java.lang.Object, int)'> (0x0000000628d3b4c0) 
thrown [s\open\src\hotspot\share\interpreter\linkResolver.cpp, line 759]
Event: 1.721 Thread 0x0000019f0c4b6010 Exception <a 'java/lang/NoSuchMethodError'{0x0000000628d3f088}: 'java.lang.Object java.lang.invoke.Invokers$Holder.linkToTargetMethod(java.lang.Object, java.lang.Object, int, java.lang.Object)'> (0x0000000628d3f088) 
thrown [s\open\src\hotspot\share\interpreter\linkResolver.cpp, line 759]
Event: 1.770 Thread 0x0000019f0c4b6010 Exception <a 'java/lang/NoSuchMethodError'{0x000000060e9e95d8}: 'java.lang.Object java.lang.invoke.DirectMethodHandle$Holder.invokeStaticInit(java.lang.Object, int, int, int, int)'> (0x000000060e9e95d8) 
thrown [s\open\src\hotspot\share\interpreter\linkResolver.cpp, line 759]
Event: 1.797 Thread 0x0000019f0c4b6010 Exception <a 'java/lang/NoSuchMethodError'{0x000000060eaacd00}: 'java.lang.Object java.lang.invoke.DirectMethodHandle$Holder.invokeStaticInit(java.lang.Object, java.lang.Object, int, int, int, int)'> (0x000000060eaacd00) 
thrown [s\open\src\hotspot\share\interpreter\linkResolver.cpp, line 759]
Event: 1.916 Thread 0x0000019f0c4b6010 Exception <a 'sun/nio/fs/WindowsException'{0x000000060e35bca8}> (0x000000060e35bca8) 
thrown [s\open\src\hotspot\share\prims\jni.cpp, line 516]
Event: 1.917 Thread 0x0000019f0c4b6010 Exception <a 'sun/nio/fs/WindowsException'{0x000000060e361608}> (0x000000060e361608) 
thrown [s\open\src\hotspot\share\prims\jni.cpp, line 516]
Event: 1.917 Thread 0x0000019f0c4b6010 Exception <a 'sun/nio/fs/WindowsException'{0x000000060e361ca0}> (0x000000060e361ca0) 
thrown [s\open\src\hotspot\share\prims\jni.cpp, line 516]
Event: 1.934 Thread 0x0000019f0c4b6010 Exception <a 'java/lang/NoSuchMethodError'{0x000000060dc61b00}: 'java.lang.Object java.lang.invoke.DirectMethodHandle$Holder.invokeSpecial(java.lang.Object, java.lang.Object, long, java.lang.Object, java.lang.Object, java.lang.Object, java.lang.Object, java.lang.Object, java.lang.Object)'> (0x000000060dc61b00) 
thrown [s\open\src\hotspot\share\interpreter\linkResolver.cpp, line 759]
Event: 1.934 Thread 0x0000019f0c4b6010 Exception <a 'java/lang/NoSuchMethodError'{0x000000060dc66628}: 'java.lang.Object java.lang.invoke.DelegatingMethodHandle$Holder.reinvoke_L(java.lang.Object, long, java.lang.Object, java.lang.Object, java.lang.Object, java.lang.Object, java.lang.Object, java.lang.Object)'> (0x000000060dc66628) 
thrown [s\open\src\hotspot\share\interpreter\linkResolver.cpp, line 759]
Event: 1.964 Thread 0x0000019f0c4b6010 Exception <a 'java/io/FileNotFoundException'{0x000000060de25fd8}> (0x000000060de25fd8) 
thrown [s\open\src\hotspot\share\prims\jni.cpp, line 516]
Event: 1.980 Thread 0x0000019f0c4b6010 Exception <a 'java/lang/NoSuchMethodError'{0x000000060df8e1f8}: 'int java.lang.invoke.DirectMethodHandle$Holder.invokeInterface(java.lang.Object, java.lang.Object, java.lang.Object, java.lang.Object)'> (0x000000060df8e1f8) 
thrown [s\open\src\hotspot\share\interpreter\linkResolver.cpp, line 759]
Event: 2.020 Thread 0x0000019f0c4b6010 Exception <a 'java/lang/NoSuchMethodError'{0x000000060da18ca8}: 'long java.lang.invoke.DirectMethodHandle$Holder.invokeVirtual(java.lang.Object, java.lang.Object)'> (0x000000060da18ca8) 
thrown [s\open\src\hotspot\share\interpreter\linkResolver.cpp, line 759]
Event: 2.043 Thread 0x0000019f0c4b6010 Exception <a 'java/lang/NoSuchMethodError'{0x000000060dac2108}: static Lorg/springframework/security/authentication/AbstractAuthenticationToken;.<clinit>()V> (0x000000060dac2108) 
thrown [s\open\src\hotspot\share\prims\jni.cpp, line 1107]
Event: 2.049 Thread 0x0000019f0c4b6010 Exception <a 'java/lang/NoSuchMethodError'{0x000000060db1e780}: static Lcom/mj/market/app/user/User;.<clinit>()V> (0x000000060db1e780) 
thrown [s\open\src\hotspot\share\prims\jni.cpp, line 1107]
Event: 2.061 Thread 0x0000019f0c4b6010 Exception <a 'java/lang/NoSuchMethodError'{0x000000060dbf47b8}: static Ljava/lang/Object;.<clinit>()V> (0x000000060dbf47b8) 
thrown [s\open\src\hotspot\share\prims\jni.cpp, line 1107]
Event: 2.100 Thread 0x0000019f0c4b6010 Implicit null exception at 0x0000019f6ce18328 to 0x0000019f6ce18b0c
Event: 2.101 Thread 0x0000019f0c4b6010 Implicit null exception at 0x0000019f6ce04991 to 0x0000019f6ce04fb8

VM Operations (20 events):
Event: 1.814 Executing VM operation: ICBufferFull
Event: 1.814 Executing VM operation: ICBufferFull done
Event: 1.895 Executing VM operation: HandshakeAllThreads
Event: 1.895 Executing VM operation: HandshakeAllThreads done
Event: 1.944 Executing VM operation: HandshakeAllThreads
Event: 1.944 Executing VM operation: HandshakeAllThreads done
Event: 2.003 Executing VM operation: HandshakeAllThreads
Event: 2.003 Executing VM operation: HandshakeAllThreads done
Event: 2.003 Executing VM operation: HandshakeAllThreads
Event: 2.003 Executing VM operation: HandshakeAllThreads done
Event: 2.062 Executing VM operation: G1CollectForAllocation
Event: 2.064 Executing VM operation: G1CollectForAllocation done
Event: 2.074 Executing VM operation: HandshakeAllThreads
Event: 2.074 Executing VM operation: HandshakeAllThreads done
Event: 2.115 Executing VM operation: HandshakeAllThreads
Event: 2.115 Executing VM operation: HandshakeAllThreads done
Event: 2.199 Executing VM operation: HandshakeAllThreads
Event: 2.199 Executing VM operation: HandshakeAllThreads done
Event: 2.316 Executing VM operation: CollectForMetadataAllocation
Event: 2.318 Executing VM operation: CollectForMetadataAllocation done

Events (20 events):
Event: 2.080 loading class java/util/concurrent/locks/AbstractQueuedSynchronizer$ConditionNode
Event: 2.080 loading class java/util/concurrent/locks/AbstractQueuedSynchronizer$Node
Event: 2.080 loading class java/util/concurrent/locks/AbstractQueuedSynchronizer$Node done
Event: 2.080 loading class java/util/concurrent/locks/AbstractQueuedSynchronizer$ConditionNode done
Event: 2.080 loading class java/util/concurrent/locks/AbstractQueuedSynchronizer$ExclusiveNode
Event: 2.080 loading class java/util/concurrent/locks/AbstractQueuedSynchronizer$ExclusiveNode done
Event: 2.082 Thread 0x0000019f0d0db1b0 Thread added: 0x0000019f0d0db1b0
Event: 2.094 loading class java/lang/ExceptionInInitializerError
Event: 2.094 loading class java/lang/ExceptionInInitializerError done
Event: 2.130 loading class javax/naming/Referenceable
Event: 2.130 loading class javax/naming/Referenceable done
Event: 2.150 loading class java/lang/instrument/ClassFileTransformer
Event: 2.150 loading class java/lang/instrument/ClassFileTransformer done
Event: 2.327 loading class javax/xml/stream/XMLResolver
Event: 2.327 loading class javax/xml/stream/XMLResolver done
Event: 2.327 loading class javax/xml/stream/XMLEventReader
Event: 2.327 loading class javax/xml/stream/XMLEventReader done
Event: 2.329 loading class javax/xml/stream/XMLEventFactory
Event: 2.329 loading class javax/xml/stream/XMLEventFactory done
Event: 2.329 loading class javax/xml/stream/FactoryFinder


Dynamic libraries:
0x00007ff7196b0000 - 0x00007ff7196c0000 	C:\Program Files\Java\jdk-17\bin\java.exe
0x00007ffe02c30000 - 0x00007ffe02e28000 	C:\Windows\SYSTEM32\ntdll.dll
0x00007ffe02470000 - 0x00007ffe0252d000 	C:\Windows\System32\KERNEL32.DLL
0x00007ffe00460000 - 0x00007ffe00756000 	C:\Windows\System32\KERNELBASE.dll
0x00007ffe00b20000 - 0x00007ffe00c20000 	C:\Windows\System32\ucrtbase.dll
0x00007ffdf07b0000 - 0x00007ffdf07cb000 	C:\Program Files\Java\jdk-17\bin\VCRUNTIME140.dll
0x00007ffdf8300000 - 0x00007ffdf8319000 	C:\Program Files\Java\jdk-17\bin\jli.dll
0x00007ffe01c10000 - 0x00007ffe01cbe000 	C:\Windows\System32\ADVAPI32.dll
0x00007ffe00dc0000 - 0x00007ffe00e5e000 	C:\Windows\System32\msvcrt.dll
0x00007ffe02530000 - 0x00007ffe025cc000 	C:\Windows\System32\sechost.dll
0x00007ffe01250000 - 0x00007ffe01376000 	C:\Windows\System32\RPCRT4.dll
0x00007ffe02260000 - 0x00007ffe023fe000 	C:\Windows\System32\USER32.dll
0x00007ffdff6f0000 - 0x00007ffdff98a000 	C:\Windows\WinSxS\amd64_microsoft.windows.common-controls_6595b64144ccf1df_6.0.19041.1110_none_60b5254171f9507e\COMCTL32.dll
0x00007ffe007f0000 - 0x00007ffe00812000 	C:\Windows\System32\win32u.dll
0x00007ffe02b60000 - 0x00007ffe02b8c000 	C:\Windows\System32\GDI32.dll
0x00007ffe00a00000 - 0x00007ffe00b1a000 	C:\Windows\System32\gdi32full.dll
0x00007ffdf94e0000 - 0x00007ffdf94ea000 	C:\Windows\SYSTEM32\VERSION.dll
0x00007ffe003c0000 - 0x00007ffe0045d000 	C:\Windows\System32\msvcp_win.dll
0x00007ffe01b30000 - 0x00007ffe01b60000 	C:\Windows\System32\IMM32.DLL
0x00007ffdf1c40000 - 0x00007ffdf1c4c000 	C:\Program Files\Java\jdk-17\bin\vcruntime140_1.dll
0x00007ffdef390000 - 0x00007ffdef41e000 	C:\Program Files\Java\jdk-17\bin\msvcp140.dll
0x00007ffd84bd0000 - 0x00007ffd857ad000 	C:\Program Files\Java\jdk-17\bin\server\jvm.dll
0x00007ffe01d70000 - 0x00007ffe01d78000 	C:\Windows\System32\PSAPI.DLL
0x00007ffddda60000 - 0x00007ffddda69000 	C:\Windows\SYSTEM32\WSOCK32.dll
0x00007ffdf8040000 - 0x00007ffdf8067000 	C:\Windows\SYSTEM32\WINMM.dll
0x00007ffe02400000 - 0x00007ffe0246b000 	C:\Windows\System32\WS2_32.dll
0x00007ffdfdb10000 - 0x00007ffdfdb22000 	C:\Windows\SYSTEM32\kernel.appcore.dll
0x00007ffdf07a0000 - 0x00007ffdf07aa000 	C:\Program Files\Java\jdk-17\bin\jimage.dll
0x00007ffdffd20000 - 0x00007ffdfff04000 	C:\Windows\SYSTEM32\DBGHELP.DLL
0x00007ffdffc60000 - 0x00007ffdffc94000 	C:\Windows\SYSTEM32\dbgcore.DLL
0x00007ffe00760000 - 0x00007ffe007e2000 	C:\Windows\System32\bcryptPrimitives.dll
0x00007ffdf0700000 - 0x00007ffdf070e000 	C:\Program Files\Java\jdk-17\bin\instrument.dll
0x00007ffdf0750000 - 0x00007ffdf0775000 	C:\Program Files\Java\jdk-17\bin\java.dll
0x00007ffdeeff0000 - 0x00007ffdef0c7000 	C:\Program Files\Java\jdk-17\bin\jsvml.dll
0x00007ffe01380000 - 0x00007ffe01ac5000 	C:\Windows\System32\SHELL32.dll
0x00007ffdfdd10000 - 0x00007ffdfe4ab000 	C:\Windows\SYSTEM32\windows.storage.dll
0x00007ffe00e60000 - 0x00007ffe011b4000 	C:\Windows\System32\combase.dll
0x00007ffdff5b0000 - 0x00007ffdff5de000 	C:\Windows\SYSTEM32\Wldp.dll
0x00007ffe02150000 - 0x00007ffe021fd000 	C:\Windows\System32\SHCORE.dll
0x00007ffe02200000 - 0x00007ffe02255000 	C:\Windows\System32\shlwapi.dll
0x00007ffe00240000 - 0x00007ffe00265000 	C:\Windows\SYSTEM32\profapi.dll
0x00007ffdf0680000 - 0x00007ffdf0698000 	C:\Program Files\Java\jdk-17\bin\zip.dll
0x00007ffdf0730000 - 0x00007ffdf0749000 	C:\Program Files\Java\jdk-17\bin\net.dll
0x00007ffdf9260000 - 0x00007ffdf936a000 	C:\Windows\SYSTEM32\WINHTTP.dll
0x00007ffdff2f0000 - 0x00007ffdff35a000 	C:\Windows\system32\mswsock.dll
0x00007ffdf0710000 - 0x00007ffdf0726000 	C:\Program Files\Java\jdk-17\bin\nio.dll
0x00007ffdef870000 - 0x00007ffdef88a000 	D:\Intellij IDE\IntelliJ IDEA Community Edition 2023.1.3\bin\breakgen64.dll
0x00007ffdf01c0000 - 0x00007ffdf01ca000 	C:\Program Files\Java\jdk-17\bin\management.dll
0x00007ffdefe50000 - 0x00007ffdefe5b000 	C:\Program Files\Java\jdk-17\bin\management_ext.dll
0x00007ffe00080000 - 0x00007ffe00098000 	C:\Windows\SYSTEM32\CRYPTSP.dll
0x00007ffdfec80000 - 0x00007ffdfecb4000 	C:\Windows\system32\rsaenh.dll
0x00007ffe009d0000 - 0x00007ffe009f7000 	C:\Windows\System32\bcrypt.dll
0x00007ffe00200000 - 0x00007ffe0022e000 	C:\Windows\SYSTEM32\USERENV.dll
0x00007ffdff480000 - 0x00007ffdff48c000 	C:\Windows\SYSTEM32\CRYPTBASE.dll
0x00007ffdff000000 - 0x00007ffdff03b000 	C:\Windows\SYSTEM32\IPHLPAPI.DLL
0x00007ffe01e50000 - 0x00007ffe01e58000 	C:\Windows\System32\NSI.dll
0x00007ffdf98a0000 - 0x00007ffdf98b7000 	C:\Windows\SYSTEM32\dhcpcsvc6.DLL
0x00007ffdf98e0000 - 0x00007ffdf98fd000 	C:\Windows\SYSTEM32\dhcpcsvc.DLL
0x00007ffdff040000 - 0x00007ffdff10a000 	C:\Windows\SYSTEM32\DNSAPI.dll
0x00007ffdefe30000 - 0x00007ffdefe3d000 	C:\Program Files\Java\jdk-17\bin\sunmscapi.dll
0x00007ffe00870000 - 0x00007ffe009ce000 	C:\Windows\System32\CRYPT32.dll
0x00007ffdff6c0000 - 0x00007ffdff6e8000 	C:\Windows\SYSTEM32\ncrypt.dll
0x00007ffdff680000 - 0x00007ffdff6bb000 	C:\Windows\SYSTEM32\NTASN1.dll
0x00007ffdf0670000 - 0x00007ffdf0680000 	C:\Program Files\Java\jdk-17\bin\verify.dll

dbghelp: loaded successfully - version: 4.0.5 - missing functions: none
symbol engine: initialized successfully - sym options: 0x614 - pdb path: .;C:\Program Files\Java\jdk-17\bin;C:\Windows\SYSTEM32;C:\Windows\WinSxS\amd64_microsoft.windows.common-controls_6595b64144ccf1df_6.0.19041.1110_none_60b5254171f9507e;C:\Program Files\Java\jdk-17\bin\server;D:\Intellij IDE\IntelliJ IDEA Community Edition 2023.1.3\bin

VM Arguments:
jvm_args: -javaagent:D:\Intellij IDE\IntelliJ IDEA Community Edition 2023.1.3\lib\idea_rt.jar=65519:D:\Intellij IDE\IntelliJ IDEA Community Edition 2023.1.3\bin -Dfile.encoding=UTF-8 
java_command: com.mj.market.MarketApplication
java_class_path (initial): D:\Programowanie\Projekty\market\target\classes;C:\Users\j\.m2\repository\org\springframework\boot\spring-boot-starter-data-jpa\3.1.2\spring-boot-starter-data-jpa-3.1.2.jar;C:\Users\j\.m2\repository\org\springframework\boot\spring-boot-starter-aop\3.1.2\spring-boot-starter-aop-3.1.2.jar;C:\Users\j\.m2\repository\org\aspectj\aspectjweaver\1.9.19\aspectjweaver-1.9.19.jar;C:\Users\j\.m2\repository\org\springframework\boot\spring-boot-starter-jdbc\3.1.2\spring-boot-starter-jdbc-3.1.2.jar;C:\Users\j\.m2\repository\com\zaxxer\HikariCP\5.0.1\HikariCP-5.0.1.jar;C:\Users\j\.m2\repository\org\springframework\spring-jdbc\6.0.11\spring-jdbc-6.0.11.jar;C:\Users\j\.m2\repository\org\hibernate\orm\hibernate-core\6.2.6.Final\hibernate-core-6.2.6.Final.jar;C:\Users\j\.m2\repository\jakarta\persistence\jakarta.persistence-api\3.1.0\jakarta.persistence-api-3.1.0.jar;C:\Users\j\.m2\repository\jakarta\transaction\jakarta.transaction-api\2.0.1\jakarta.transaction-api-2.0.1.jar;C:\Users\j\.m2\repository\org\jboss\logging\jboss-logging\3.5.3.Final\jboss-logging-3.5.3.Final.jar;C:\Users\j\.m2\repository\org\hibernate\common\hibernate-commons-annotations\6.0.6.Final\hibernate-commons-annotations-6.0.6.Final.jar;C:\Users\j\.m2\repository\io\smallrye\jandex\3.0.5\jandex-3.0.5.jar;C:\Users\j\.m2\repository\com\fasterxml\classmate\1.5.1\classmate-1.5.1.jar;C:\Users\j\.m2\repository\net\bytebuddy\byte-buddy\1.14.5\byte-buddy-1.14.5.jar;C:\Users\j\.m2\repository\org\glassfish\jaxb\jaxb-runtime\4.0.3\jaxb-runtime-4.0.3.jar;C:\Users\j\.m2\repository\org\glassfish\jaxb\jaxb-core\4.0.3\jaxb-core-4.0.3.jar;C:\Users\j\.m2\repository\org\glassfish\jaxb\txw2\4.0.3\txw2-4.0.3.jar;C:\Users\j\.m2\repository\com\sun\istack\istack-commons-runtime\4.1.2\istack-commons-runtime-4.1.2.jar;C:\Users\j\.m2\repository\jakarta\inject\jakarta.inject-api\2.0.1\jakarta.inject-api-2.0.1.jar;C:\Users\j\.m2\repository\org\antlr\antlr4-runtime\4.10.1\antlr4-runtime-4.10.1.jar;C:\Users\j\.m2\reposi
Launcher Type: SUN_STANDARD

[Global flags]
     intx CICompilerCount                          = 12                                        {product} {ergonomic}
     uint ConcGCThreads                            = 3                                         {product} {ergonomic}
     uint G1ConcRefinementThreads                  = 13                                        {product} {ergonomic}
   size_t G1HeapRegionSize                         = 4194304                                   {product} {ergonomic}
    uintx GCDrainStackTargetSize                   = 64                                        {product} {ergonomic}
   size_t InitialHeapSize                          = 528482304                                 {product} {ergonomic}
   size_t MarkStackSize                            = 4194304                                   {product} {ergonomic}
   size_t MaxHeapSize                              = 8401190912                                {product} {ergonomic}
   size_t MaxNewSize                               = 5037359104                                {product} {ergonomic}
   size_t MinHeapDeltaBytes                        = 4194304                                   {product} {ergonomic}
   size_t MinHeapSize                              = 8388608                                   {product} {ergonomic}
    uintx NonNMethodCodeHeapSize                   = 7602480                                {pd product} {ergonomic}
    uintx NonProfiledCodeHeapSize                  = 122027880                              {pd product} {ergonomic}
    uintx ProfiledCodeHeapSize                     = 122027880                              {pd product} {ergonomic}
    uintx ReservedCodeCacheSize                    = 251658240                              {pd product} {ergonomic}
     bool SegmentedCodeCache                       = true                                      {product} {ergonomic}
   size_t SoftMaxHeapSize                          = 8401190912                             {manageable} {ergonomic}
     bool UseCompressedClassPointers               = true                           {product lp64_product} {ergonomic}
     bool UseCompressedOops                        = true                           {product lp64_product} {ergonomic}
     bool UseG1GC                                  = true                                      {product} {ergonomic}
     bool UseLargePagesIndividualAllocation        = false                                  {pd product} {ergonomic}

Logging:
Log output configuration:
 #0: stdout all=warning uptime,level,tags
 #1: stderr all=off uptime,level,tags

Environment Variables:
JAVA_HOME=C:\Program Files\Java\jdk-17
PATH=C:\Program Files\Common Files\Oracle\Java\javapath;C:\Windows\system32;C:\Windows;C:\Windows\System32\Wbem;C:\Windows\System32\WindowsPowerShell\v1.0\;C:\Windows\System32\OpenSSH\;C:\Program Files\Git\cmd;C:\Users\j\AppData\Local\Programs\Python\Python311\Scripts\;C:\Users\j\AppData\Local\Programs\Python\Python311\;C:\Users\j\AppData\Local\Microsoft\WindowsApps;D:\Intellij IDE\IntelliJ IDEA Community Edition 2023.1.3\bin;;C:\Program Files\Java\jdk-17\bin;D:\VS Code IDE\bin;C:\Program Files\JetBrains\PyCharm Community Edition 2023.2\bin;;C:\Program Files\apache-maven-3.9.4-bin\apache-maven-3.9.4\bin;
USERNAME=j
OS=Windows_NT
PROCESSOR_IDENTIFIER=AMD64 Family 25 Model 80 Stepping 0, AuthenticAMD



---------------  S Y S T E M  ---------------

OS:
 Windows 10 , 64 bit Build 19041 (10.0.19041.3393)
OS uptime: 5 days 5:41 hours
Hyper-V role detected

CPU: total 16 (initial active 16) (16 cores per cpu, 2 threads per core) family 25 model 80 stepping 0 microcode 0x0, cx8, cmov, fxsr, ht, mmx, 3dnowpref, sse, sse2, sse3, ssse3, sse4a, sse4.1, sse4.2, popcnt, lzcnt, tsc, tscinvbit, avx, avx2, aes, erms, clmul, bmi1, bmi2, adx, sha, fma, vzeroupper, clflush, clflushopt, hv

Memory: 4k page, system-wide physical 32043M (23134M free)
TotalPageFile size 36907M (AvailPageFile size 25349M)
current process WorkingSet (physical memory assigned to process): 285M, peak: 298M
current process commit charge ("private bytes"): 342M, peak: 687M

vm_info: Java HotSpot(TM) 64-Bit Server VM (17.0.7+8-LTS-224) for windows-amd64 JRE (17.0.7+8-LTS-224), built on Feb 28 2023 23:03:02 by "mach5one" with MS VC++ 17.1 (VS2022)

END.
