#
# A fatal error has been detected by the Java Runtime Environment:
#
#  EXCEPTION_ACCESS_VIOLATION (0xc0000005) at pc=0x00007ffc0b8e14bd, pid=6976, tid=332
#
# JRE version: Java(TM) SE Runtime Environment (17.0.7+8) (build 17.0.7+8-LTS-224)
# Java VM: Java HotSpot(TM) 64-Bit Server VM (17.0.7+8-LTS-224, mixed mode, sharing, tiered, compressed oops, compressed class ptrs, g1 gc, windows-amd64)
# Problematic frame:
# V  [jvm.dll+0x2b14bd]
#
# No core dump will be written. Minidumps are not enabled by default on client versions of Windows
#
# If you would like to submit a bug report, please visit:
#   https://bugreport.java.com/bugreport/crash.jsp
#

---------------  S U M M A R Y ------------

Command Line: -javaagent:D:\Intellij IDE\IntelliJ IDEA Community Edition 2023.1.3\lib\idea_rt.jar=54419:D:\Intellij IDE\IntelliJ IDEA Community Edition 2023.1.3\bin -Dfile.encoding=UTF-8 com.mj.market.MarketApplication

Host: AMD Ryzen 7 5700G with Radeon Graphics         , 16 cores, 31G,  Windows 10 , 64 bit Build 19041 (10.0.19041.3031)
Time: Tue Jul 25 12:28:56 2023  Windows 10 , 64 bit Build 19041 (10.0.19041.3031) elapsed time: 1.569671 seconds (0d 0h 0m 1s)

---------------  T H R E A D  ---------------

Current thread (0x000001a144bad280):  JavaThread "C2 CompilerThread0" daemon [_thread_in_native, id=332, stack(0x000000456af00000,0x000000456b000000)]


Current CompileTask:
C2:   1569 3670       4       org.springframework.boot.context.properties.source.SpringConfigurationPropertySources$SourcesIterator::fetchNext (139 bytes)

Stack: [0x000000456af00000,0x000000456b000000],  sp=0x000000456affb020,  free space=1004k
Native frames: (J=compiled Java code, j=interpreted, Vv=VM code, C=native code)
V  [jvm.dll+0x2b14bd]
V  [jvm.dll+0x2b26dd]
V  [jvm.dll+0x2b39cc]
V  [jvm.dll+0x2192b4]
V  [jvm.dll+0x216df9]
V  [jvm.dll+0x1a35e0]
V  [jvm.dll+0x226a6e]
V  [jvm.dll+0x224e15]
V  [jvm.dll+0x78d05c]
V  [jvm.dll+0x78759a]
V  [jvm.dll+0x675875]
C  [ucrtbase.dll+0x21bb2]
C  [KERNEL32.DLL+0x17614]
C  [ntdll.dll+0x526f1]


siginfo: EXCEPTION_ACCESS_VIOLATION (0xc0000005), reading address 0x000001a0f8703ef8


Register to memory mapping:

RIP=0x00007ffc0b8e14bd jvm.dll
RAX=0x000001a14927f8d0 points into unknown readable memory: 0x0000000000000000 | 00 00 00 00 00 00 00 00
RBX=0x000001a1478baaf0 points into unknown readable memory: 0xffffffff00000001 | 01 00 00 00 ff ff ff ff
RCX=0xffffffffaf484628 is an unknown value
RDX=0x000001a1478baaf0 points into unknown readable memory: 0xffffffff00000001 | 01 00 00 00 ff ff ff ff
RSP=0x000000456affb020 is pointing into the stack for thread: 0x000001a144bad280
RBP=0x000000456affb1a0 is pointing into the stack for thread: 0x000001a144bad280
RSI=0x000001a14935a790 points into unknown readable memory: 0x0000202500002025 | 25 20 00 00 25 20 00 00
RDI=0x0000000000000007 is an unknown value
R8 =0x000000456affb210 is pointing into the stack for thread: 0x000001a144bad280
R9 =0x000000456affb210 is pointing into the stack for thread: 0x000001a144bad280
R10=0x00007ffc0bf259a0 jvm.dll
R11=0x00007ffc2e1a1b41 VCRUNTIME140.dll
R12=0x000001a14935a790 points into unknown readable memory: 0x0000202500002025 | 25 20 00 00 25 20 00 00
R13=0x0000000000000002 is an unknown value
R14=0x000000456affb210 is pointing into the stack for thread: 0x000001a144bad280
R15=0x000000456affb5a0 is pointing into the stack for thread: 0x000001a144bad280


Registers:
RAX=0x000001a14927f8d0, RBX=0x000001a1478baaf0, RCX=0xffffffffaf484628, RDX=0x000001a1478baaf0
RSP=0x000000456affb020, RBP=0x000000456affb1a0, RSI=0x000001a14935a790, RDI=0x0000000000000007
R8 =0x000000456affb210, R9 =0x000000456affb210, R10=0x00007ffc0bf259a0, R11=0x00007ffc2e1a1b41
R12=0x000001a14935a790, R13=0x0000000000000002, R14=0x000000456affb210, R15=0x000000456affb5a0
RIP=0x00007ffc0b8e14bd, EFLAGS=0x0000000000010202

Top of Stack: (sp=0x000000456affb020)
0x000000456affb020:   000001a148987380 000001a14935a790
0x000000456affb030:   00000000000000bb 000000456affe688
0x000000456affb040:   000001a148987380 0000000000000017
0x000000456affb050:   ffffffffaf484628 00007ffc0bdf0d2e
0x000000456affb060:   0000000000000002 000001a14935a790
0x000000456affb070:   0000000000000001 0000000000000002
0x000000456affb080:   000001a1478baaf0 0000000000000100
0x000000456affb090:   000001a1466703d0 00007ffc0b8e26dd
0x000000456affb0a0:   000001a146670300 0000000000000100
0x000000456affb0b0:   000000456affb1a0 0000000000000000
0x000000456affb0c0:   0000000000000000 0000000000000000
0x000000456affb0d0:   0000020000000100 0000000200000100
0x000000456affb0e0:   0000016300000002 000001a146670150
0x000000456affb0f0:   000001a1492a8590 0000000000000cdb
0x000000456affb100:   000001a1466703d0 000000100000000e
0x000000456affb110:   000001a146670150 0000000000000000 

Instructions: (pc=0x00007ffc0b8e14bd)
0x00007ffc0b8e13bd:   3f 3a df ff 48 8b d8 48 85 c0 74 1b 44 8b cd c7
0x00007ffc0b8e13cd:   44 24 20 02 00 00 00 4c 8b c6 48 8b d7 48 8b c8
0x00007ffc0b8e13dd:   e8 be ea ff ff eb 02 33 db 48 63 4e 28 48 8b 47
0x00007ffc0b8e13ed:   08 48 89 1c c8 48 8b 5c 24 40 48 8b 6c 24 48 48
0x00007ffc0b8e13fd:   8b 74 24 50 48 83 c4 30 5f c3 cc cc cc cc cc cc
0x00007ffc0b8e140d:   cc cc cc 48 89 5c 24 08 48 89 74 24 10 57 48 83
0x00007ffc0b8e141d:   ec 20 48 83 7c 24 50 00 48 8b da 4d 63 49 28 48
0x00007ffc0b8e142d:   8b f9 48 8b 41 08 4a 8b 34 c8 74 26 e8 42 ff ff
0x00007ffc0b8e143d:   ff 48 85 f6 75 1c 48 8b 4c 24 50 48 8b d3 48 8b
0x00007ffc0b8e144d:   5c 24 30 48 8b 74 24 38 48 83 c4 20 5f e9 91 0c
0x00007ffc0b8e145d:   df ff 48 63 43 28 4c 8b c6 48 8b 57 08 48 8b cf
0x00007ffc0b8e146d:   48 8b 14 c2 48 8b 5c 24 30 48 8b 74 24 38 48 83
0x00007ffc0b8e147d:   c4 20 5f e9 eb ee ff ff cc cc cc cc cc cc cc cc
0x00007ffc0b8e148d:   cc cc cc 40 53 56 41 56 41 57 48 83 ec 58 48 63
0x00007ffc0b8e149d:   42 28 48 8b f1 4c 8b 79 68 4d 8b f0 48 8b da 48
0x00007ffc0b8e14ad:   8d 0c c5 00 00 00 00 48 8b 46 08 48 89 4c 24 30
0x00007ffc0b8e14bd:   48 83 3c 01 00 0f 85 a0 05 00 00 48 8b 02 48 8b
0x00007ffc0b8e14cd:   ca 48 89 ac 24 90 00 00 00 ff 10 48 8b 0d 31 40
0x00007ffc0b8e14dd:   84 00 4d 8b ce 89 44 24 28 4d 8b c7 48 8b d6 48
0x00007ffc0b8e14ed:   89 5c 24 20 8b e8 48 8b 49 28 4c 8b 11 41 ff 92
0x00007ffc0b8e14fd:   08 01 00 00 84 c0 0f 85 57 05 00 00 8b 4b 2c 8b
0x00007ffc0b8e150d:   c1 83 e0 07 3c 07 0f 85 a9 00 00 00 8b c1 83 e0
0x00007ffc0b8e151d:   7f 3c 47 74 14 8b c1 83 e0 3f 3c 27 75 1b 48 8b
0x00007ffc0b8e152d:   d3 48 8b ce e8 5a eb ff ff 48 8b d3 48 8b ce e8
0x00007ffc0b8e153d:   6f 4a 00 00 e9 1a 05 00 00 83 e1 1f 80 f9 1f 75
0x00007ffc0b8e154d:   1d 48 8b 4b 78 48 85 c9 74 14 48 8d 15 32 ff 61
0x00007ffc0b8e155d:   00 e8 05 3a 58 00 85 c0 0f 84 f5 04 00 00 48 8b
0x00007ffc0b8e156d:   d3 49 8b ce e8 7a 0b df ff 48 8b cb e8 32 ad ef
0x00007ffc0b8e157d:   ff 84 c0 74 12 ba 05 00 00 00 48 8b cb e8 d1 41
0x00007ffc0b8e158d:   39 00 48 85 c0 75 1e 8b 43 2c 83 e0 1f 3c 1f 0f
0x00007ffc0b8e159d:   85 be 04 00 00 48 8b cb e8 06 65 ef ff 84 c0 0f
0x00007ffc0b8e15ad:   84 ae 04 00 00 48 8b d3 48 8b ce e8 d3 ea ff ff 


Stack slot to memory mapping:
stack at sp + 0 slots: 0x000001a148987380 points into unknown readable memory: 0x00007ffc0bee5ab0 | b0 5a ee 0b fc 7f 00 00
stack at sp + 1 slots: 0x000001a14935a790 points into unknown readable memory: 0x0000202500002025 | 25 20 00 00 25 20 00 00
stack at sp + 2 slots: 0x00000000000000bb is an unknown value
stack at sp + 3 slots: 0x000000456affe688 is pointing into the stack for thread: 0x000001a144bad280
stack at sp + 4 slots: 0x000001a148987380 points into unknown readable memory: 0x00007ffc0bee5ab0 | b0 5a ee 0b fc 7f 00 00
stack at sp + 5 slots: 0x0000000000000017 is an unknown value
stack at sp + 6 slots: 0xffffffffaf484628 is an unknown value
stack at sp + 7 slots: 0x00007ffc0bdf0d2e jvm.dll


---------------  P R O C E S S  ---------------

Threads class SMR info:
_java_thread_list=0x000001a148a90d60, length=25, elements={
0x000001a1188e79c0, 0x000001a144b883c0, 0x000001a144b8b150, 0x000001a144b9ee60,
0x000001a144ba0930, 0x000001a144ba3300, 0x000001a144ba3dd0, 0x000001a144bad280,
0x000001a144bb76c0, 0x000001a144bba7b0, 0x000001a1454a5180, 0x000001a1454ad530,
0x000001a1454b9390, 0x000001a1454e3d20, 0x000001a1454a6e60, 0x000001a1454a34a0,
0x000001a1454a4cb0, 0x000001a1454a5650, 0x000001a146c35060, 0x000001a14732db20,
0x000001a1493c8aa0, 0x000001a1477bb5c0, 0x000001a1454a3e40, 0x000001a1454a6990,
0x000001a1454a4310
}

Java Threads: ( => current thread )
  0x000001a1188e79c0 JavaThread "main" [_thread_blocked, id=1064, stack(0x000000456a200000,0x000000456a300000)]
  0x000001a144b883c0 JavaThread "Reference Handler" daemon [_thread_blocked, id=13120, stack(0x000000456a900000,0x000000456aa00000)]
  0x000001a144b8b150 JavaThread "Finalizer" daemon [_thread_blocked, id=6088, stack(0x000000456aa00000,0x000000456ab00000)]
  0x000001a144b9ee60 JavaThread "Signal Dispatcher" daemon [_thread_blocked, id=14412, stack(0x000000456ab00000,0x000000456ac00000)]
  0x000001a144ba0930 JavaThread "Attach Listener" daemon [_thread_blocked, id=7944, stack(0x000000456ac00000,0x000000456ad00000)]
  0x000001a144ba3300 JavaThread "Service Thread" daemon [_thread_blocked, id=6428, stack(0x000000456ad00000,0x000000456ae00000)]
  0x000001a144ba3dd0 JavaThread "Monitor Deflation Thread" daemon [_thread_blocked, id=14156, stack(0x000000456ae00000,0x000000456af00000)]
=>0x000001a144bad280 JavaThread "C2 CompilerThread0" daemon [_thread_in_native, id=332, stack(0x000000456af00000,0x000000456b000000)]
  0x000001a144bb76c0 JavaThread "C1 CompilerThread0" daemon [_thread_blocked, id=8380, stack(0x000000456b000000,0x000000456b100000)]
  0x000001a144bba7b0 JavaThread "Sweeper thread" daemon [_thread_blocked, id=8188, stack(0x000000456b100000,0x000000456b200000)]
  0x000001a1454a5180 JavaThread "Common-Cleaner" daemon [_thread_blocked, id=8684, stack(0x000000456b200000,0x000000456b300000)]
  0x000001a1454ad530 JavaThread "C1 CompilerThread1" daemon [_thread_blocked, id=9960, stack(0x000000456b300000,0x000000456b400000)]
  0x000001a1454b9390 JavaThread "C1 CompilerThread2" daemon [_thread_blocked, id=14996, stack(0x000000456b400000,0x000000456b500000)]
  0x000001a1454e3d20 JavaThread "C2 CompilerThread1" daemon [_thread_in_native, id=14452, stack(0x000000456b500000,0x000000456b600000)]
  0x000001a1454a6e60 JavaThread "Monitor Ctrl-Break" daemon [_thread_in_native, id=2176, stack(0x000000456b600000,0x000000456b700000)]
  0x000001a1454a34a0 JavaThread "Notification Thread" daemon [_thread_blocked, id=8304, stack(0x000000456b700000,0x000000456b800000)]
  0x000001a1454a4cb0 JavaThread "Thread-0" [_thread_blocked, id=14736, stack(0x000000456b900000,0x000000456ba00000)]
  0x000001a1454a5650 JavaThread "restartedMain" [_thread_in_vm, id=11140, stack(0x000000456ba00000,0x000000456bb00000)]
  0x000001a146c35060 JavaThread "C1 CompilerThread3" daemon [_thread_blocked, id=3776, stack(0x000000456c700000,0x000000456c800000)]
  0x000001a14732db20 JavaThread "C2 CompilerThread2" daemon [_thread_in_native, id=13628, stack(0x000000456c800000,0x000000456c900000)]
  0x000001a1493c8aa0 JavaThread "C2 CompilerThread3" daemon [_thread_in_native, id=17104, stack(0x000000456c600000,0x000000456c700000)]
  0x000001a1477bb5c0 JavaThread "C2 CompilerThread4" daemon [_thread_in_native, id=13948, stack(0x000000456c900000,0x000000456ca00000)]
  0x000001a1454a3e40 JavaThread "Catalina-utility-1" [_thread_blocked, id=4500, stack(0x000000456cd00000,0x000000456ce00000)]
  0x000001a1454a6990 JavaThread "Catalina-utility-2" [_thread_blocked, id=6304, stack(0x000000456ce00000,0x000000456cf00000)]
  0x000001a1454a4310 JavaThread "container-0" [_thread_blocked, id=14028, stack(0x000000456cf00000,0x000000456d000000)]

Other Threads:
  0x000001a144b838b0 VMThread "VM Thread" [stack: 0x000000456a800000,0x000000456a900000] [id=8376]
  0x000001a1189bbcc0 WatcherThread [stack: 0x000000456b800000,0x000000456b900000] [id=5692]
  0x000001a118992a10 GCTaskThread "GC Thread#0" [stack: 0x000000456a300000,0x000000456a400000] [id=13600]
  0x000001a146ad8150 GCTaskThread "GC Thread#1" [stack: 0x000000456bb00000,0x000000456bc00000] [id=6344]
  0x000001a146ad8400 GCTaskThread "GC Thread#2" [stack: 0x000000456bc00000,0x000000456bd00000] [id=9520]
  0x000001a146aa2010 GCTaskThread "GC Thread#3" [stack: 0x000000456bd00000,0x000000456be00000] [id=17256]
  0x000001a146aa22c0 GCTaskThread "GC Thread#4" [stack: 0x000000456be00000,0x000000456bf00000] [id=3672]
  0x000001a1467a4f50 GCTaskThread "GC Thread#5" [stack: 0x000000456bf00000,0x000000456c000000] [id=11404]
  0x000001a1467a5200 GCTaskThread "GC Thread#6" [stack: 0x000000456c000000,0x000000456c100000] [id=9204]
  0x000001a1467a58b0 GCTaskThread "GC Thread#7" [stack: 0x000000456c100000,0x000000456c200000] [id=16540]
  0x000001a1467a5b60 GCTaskThread "GC Thread#8" [stack: 0x000000456c200000,0x000000456c300000] [id=14704]
  0x000001a1467aa8c0 GCTaskThread "GC Thread#9" [stack: 0x000000456c300000,0x000000456c400000] [id=7392]
  0x000001a1467aab70 GCTaskThread "GC Thread#10" [stack: 0x000000456c400000,0x000000456c500000] [id=6380]
  0x000001a1467c6550 GCTaskThread "GC Thread#11" [stack: 0x000000456c500000,0x000000456c600000] [id=12872]
  0x000001a148491d30 GCTaskThread "GC Thread#12" [stack: 0x000000456ca00000,0x000000456cb00000] [id=7232]
  0x000001a11899f500 ConcurrentGCThread "G1 Main Marker" [stack: 0x000000456a400000,0x000000456a500000] [id=14840]
  0x000001a11899ff10 ConcurrentGCThread "G1 Conc#0" [stack: 0x000000456a500000,0x000000456a600000] [id=8704]
  0x000001a1484927f0 ConcurrentGCThread "G1 Conc#1" [stack: 0x000000456cb00000,0x000000456cc00000] [id=5032]
  0x000001a148491fe0 ConcurrentGCThread "G1 Conc#2" [stack: 0x000000456cc00000,0x000000456cd00000] [id=1180]
  0x000001a144abf1c0 ConcurrentGCThread "G1 Refine#0" [stack: 0x000000456a600000,0x000000456a700000] [id=14660]
  0x000001a144ac0b00 ConcurrentGCThread "G1 Service" [stack: 0x000000456a700000,0x000000456a800000] [id=12664]

Threads with active compile tasks:
C2 CompilerThread0     1591 3670       4       org.springframework.boot.context.properties.source.SpringConfigurationPropertySources$SourcesIterator::fetchNext (139 bytes)
C2 CompilerThread1     1591 3735       4       org.springframework.core.annotation.PackagesAnnotationFilter::matches (42 bytes)
C2 CompilerThread2     1591 3728       4       org.springframework.util.ConcurrentReferenceHashMap::getReference (18 bytes)
C2 CompilerThread3     1591 3615   !   4       java.lang.reflect.Executable::declaredAnnotations (85 bytes)
C2 CompilerThread4     1591 3727       4       org.springframework.util.ConcurrentReferenceHashMap::get (37 bytes)

VM state: not at safepoint (normal execution)

VM Mutex/Monitor currently owned by a thread: None

Heap address: 0x000000060b400000, size: 8012 MB, Compressed Oops mode: Zero based, Oop shift amount: 3

CDS archive(s) mapped at: [0x0000000800000000-0x0000000800bd0000-0x0000000800bd0000), size 12386304, SharedBaseAddress: 0x0000000800000000, ArchiveRelocationMode: 0.
Compressed class space mapped at: 0x0000000800c00000-0x0000000840c00000, reserved size: 1073741824
Narrow klass base: 0x0000000800000000, Narrow klass shift: 0, Narrow klass range: 0x100000000

GC Precious Log:
 CPUs: 16 total, 16 available
 Memory: 32043M
 Large Page Support: Disabled
 NUMA Support: Disabled
 Compressed Oops: Enabled (Zero based)
 Heap Region Size: 4M
 Heap Min Capacity: 8M
 Heap Initial Capacity: 504M
 Heap Max Capacity: 8012M
 Pre-touch: Disabled
 Parallel Workers: 13
 Concurrent Workers: 3
 Concurrent Refinement Workers: 13
 Periodic GC: Disabled

Heap:
 garbage-first heap   total 69632K, used 34680K [0x000000060b400000, 0x0000000800000000)
  region size 4096K, 9 young (36864K), 2 survivors (8192K)
 Metaspace       used 26297K, committed 26688K, reserved 1073152K
  class space    used 3306K, committed 3456K, reserved 1048576K

Heap Regions: E=young(eden), S=young(survivor), O=old, HS=humongous(starts), HC=humongous(continues), CS=collection set, F=free, OA=open archive, CA=closed archive, TAMS=top-at-mark-start (previous, next)
|   0|0x000000060b400000, 0x000000060b800000, 0x000000060b800000|100%| O|  |TAMS 0x000000060b800000, 0x000000060b400000| Untracked 
|   1|0x000000060b800000, 0x000000060b84a000, 0x000000060bc00000|  7%| O|  |TAMS 0x000000060b84a000, 0x000000060b800000| Complete 
|   2|0x000000060bc00000, 0x000000060bc00000, 0x000000060c000000|  0%| F|  |TAMS 0x000000060bc00000, 0x000000060bc00000| Untracked 
|   3|0x000000060c000000, 0x000000060c000000, 0x000000060c400000|  0%| F|  |TAMS 0x000000060c000000, 0x000000060c000000| Untracked 
|   4|0x000000060c400000, 0x000000060c400000, 0x000000060c800000|  0%| F|  |TAMS 0x000000060c400000, 0x000000060c400000| Untracked 
|   5|0x000000060c800000, 0x000000060c800000, 0x000000060cc00000|  0%| F|  |TAMS 0x000000060c800000, 0x000000060c800000| Untracked 
|   6|0x000000060cc00000, 0x000000060cc00000, 0x000000060d000000|  0%| F|  |TAMS 0x000000060cc00000, 0x000000060cc00000| Untracked 
|   7|0x000000060d000000, 0x000000060d000000, 0x000000060d400000|  0%| F|  |TAMS 0x000000060d000000, 0x000000060d000000| Untracked 
|   8|0x000000060d400000, 0x000000060d800000, 0x000000060d800000|100%| E|  |TAMS 0x000000060d400000, 0x000000060d400000| Complete 
|   9|0x000000060d800000, 0x000000060dc00000, 0x000000060dc00000|100%| E|CS|TAMS 0x000000060d800000, 0x000000060d800000| Complete 
|  10|0x000000060dc00000, 0x000000060e000000, 0x000000060e000000|100%| E|CS|TAMS 0x000000060dc00000, 0x000000060dc00000| Complete 
|  11|0x000000060e000000, 0x000000060e400000, 0x000000060e400000|100%| E|CS|TAMS 0x000000060e000000, 0x000000060e000000| Complete 
|  12|0x000000060e400000, 0x000000060e800000, 0x000000060e800000|100%| E|CS|TAMS 0x000000060e400000, 0x000000060e400000| Complete 
|  13|0x000000060e800000, 0x000000060ec00000, 0x000000060ec00000|100%| E|CS|TAMS 0x000000060e800000, 0x000000060e800000| Complete 
| 110|0x0000000626c00000, 0x0000000626d943b0, 0x0000000627000000| 39%| S|CS|TAMS 0x0000000626c00000, 0x0000000626c00000| Complete 
| 111|0x0000000627000000, 0x0000000627400000, 0x0000000627400000|100%| S|CS|TAMS 0x0000000627000000, 0x0000000627000000| Complete 
| 125|0x000000062a800000, 0x000000062ac00000, 0x000000062ac00000|100%| E|CS|TAMS 0x000000062a800000, 0x000000062a800000| Complete 

Card table byte_map: [0x000001a1309a0000,0x000001a131950000] _byte_map_base: 0x000001a12d946000

Marking Bits (Prev, Next): (CMBitMap*) 0x000001a118993060, (CMBitMap*) 0x000001a118993020
 Prev Bits: [0x000001a13a630000, 0x000001a142360000)
 Next Bits: [0x000001a132900000, 0x000001a13a630000)

Polling page: 0x000001a1168a0000

Metaspace:

Usage:
  Non-class:     22.45 MB used.
      Class:      3.23 MB used.
       Both:     25.68 MB used.

Virtual space:
  Non-class space:       24.00 MB reserved,      22.69 MB ( 95%) committed,  3 nodes.
      Class space:        1.00 GB reserved,       3.38 MB ( <1%) committed,  1 nodes.
             Both:        1.02 GB reserved,      26.06 MB (  2%) committed. 

Chunk freelists:
   Non-Class:  880.00 KB
       Class:  647.00 KB
        Both:  1.49 MB

MaxMetaspaceSize: unlimited
CompressedClassSpaceSize: 1.00 GB
Initial GC threshold: 21.00 MB
Current GC threshold: 35.25 MB
CDS: on
MetaspaceReclaimPolicy: balanced
 - commit_granule_bytes: 65536.
 - commit_granule_words: 8192.
 - virtual_space_node_default_size: 1048576.
 - enlarge_chunks_in_place: 1.
 - new_chunks_are_fully_committed: 0.
 - uncommit_free_chunks: 1.
 - use_allocation_guard: 0.
 - handle_deallocations: 1.


Internal statistics:

num_allocs_failed_limit: 3.
num_arena_births: 522.
num_arena_deaths: 0.
num_vsnodes_births: 4.
num_vsnodes_deaths: 0.
num_space_committed: 417.
num_space_uncommitted: 0.
num_chunks_returned_to_freelist: 3.
num_chunks_taken_from_freelist: 1483.
num_chunk_merges: 3.
num_chunk_splits: 986.
num_chunks_enlarged: 706.
num_purges: 0.
num_inconsistent_stats: 0.

CodeHeap 'non-profiled nmethods': size=119168Kb used=1898Kb max_used=1898Kb free=117270Kb
 bounds [0x000001a127d10000, 0x000001a127f80000, 0x000001a12f170000]
CodeHeap 'profiled nmethods': size=119104Kb used=7950Kb max_used=7950Kb free=111153Kb
 bounds [0x000001a120170000, 0x000001a120940000, 0x000001a1275c0000]
CodeHeap 'non-nmethods': size=7488Kb used=2909Kb max_used=2963Kb free=4578Kb
 bounds [0x000001a1275c0000, 0x000001a1278b0000, 0x000001a127d10000]
 total_blobs=4255 nmethods=3729 adapters=435
 compilation: enabled
              stopped_count=0, restarted_count=0
 full_count=0

Compilation events (20 events):
Event: 1.555 Thread 0x000001a146c35060 3708       3       org.springframework.core.convert.TypeDescriptor::getAnnotations (8 bytes)
Event: 1.556 Thread 0x000001a144bb76c0 nmethod 3707 0x000001a120920410 code [0x000001a1209205c0, 0x000001a120920928]
Event: 1.556 Thread 0x000001a146c35060 nmethod 3708 0x000001a120920a10 code [0x000001a120920be0, 0x000001a120920fc8]
Event: 1.556 Thread 0x000001a1454e3d20 nmethod 3696 0x000001a127edcc90 code [0x000001a127edce40, 0x000001a127edd238]
Event: 1.556 Thread 0x000001a1454e3d20 3705       4       jdk.internal.org.objectweb.asm.Frame::push (109 bytes)
Event: 1.557 Thread 0x000001a146c35060 3709       3       sun.reflect.annotation.AnnotationParser::skipMemberValue (11 bytes)
Event: 1.557 Thread 0x000001a1454ad530 3710       3       java.lang.WeakPairMap$Pair$Lookup::equals (31 bytes)
Event: 1.557 Thread 0x000001a146c35060 nmethod 3709 0x000001a120921110 code [0x000001a1209212c0, 0x000001a1209214b8]
Event: 1.557 Thread 0x000001a146c35060 3711       3       java.lang.reflect.ProxyGenerator::computeUniqueCatchList (163 bytes)
Event: 1.557 Thread 0x000001a144bb76c0 3712       3       java.lang.reflect.ProxyGenerator$ProxyMethod::codeUnwrapReturnValue (172 bytes)
Event: 1.557 Thread 0x000001a1454ad530 nmethod 3710 0x000001a120921590 code [0x000001a120921780, 0x000001a120921e78]
Event: 1.558 Thread 0x000001a144bb76c0 nmethod 3712 0x000001a120921f90 code [0x000001a120922240, 0x000001a120923198]
Event: 1.558 Thread 0x000001a146c35060 nmethod 3711 0x000001a120923510 code [0x000001a120923860, 0x000001a1209252b8]
Event: 1.560 Thread 0x000001a1454e3d20 nmethod 3705 0x000001a127edd590 code [0x000001a127edd720, 0x000001a127eddd58]
Event: 1.560 Thread 0x000001a1454e3d20 3697       4       jdk.internal.reflect.ClassFileAssembler::emitConstantPoolUTF8 (50 bytes)
Event: 1.565 Thread 0x000001a146c35060 3713   !   3       org.springframework.util.ReflectionUtils::doWithMethods (186 bytes)
Event: 1.565 Thread 0x000001a1454b9390 3714       3       java.util.AbstractList$Itr::hasNext (20 bytes)
Event: 1.565 Thread 0x000001a144bb76c0 3715   !   3       org.springframework.core.ResolvableType::getSuperType (53 bytes)
Event: 1.565 Thread 0x000001a1454b9390 nmethod 3714 0x000001a120925b90 code [0x000001a120925d40, 0x000001a120925f88]
Event: 1.565 Thread 0x000001a146c35060 nmethod 3713 0x000001a120926090 code [0x000001a120926320, 0x000001a120926d98]

GC Heap History (6 events):
Event: 0.402 GC heap before
{Heap before GC invocations=0 (full 0):
 garbage-first heap   total 516096K, used 24576K [0x000000060b400000, 0x0000000800000000)
  region size 4096K, 6 young (24576K), 0 survivors (0K)
 Metaspace       used 6704K, committed 6848K, reserved 1056768K
  class space    used 789K, committed 832K, reserved 1048576K
}
Event: 0.404 GC heap after
{Heap after GC invocations=1 (full 0):
 garbage-first heap   total 516096K, used 4421K [0x000000060b400000, 0x0000000800000000)
  region size 4096K, 1 young (4096K), 1 survivors (4096K)
 Metaspace       used 6704K, committed 6848K, reserved 1056768K
  class space    used 789K, committed 832K, reserved 1048576K
}
Event: 0.611 GC heap before
{Heap before GC invocations=1 (full 0):
 garbage-first heap   total 516096K, used 24901K [0x000000060b400000, 0x0000000800000000)
  region size 4096K, 7 young (28672K), 1 survivors (4096K)
 Metaspace       used 12769K, committed 13056K, reserved 1064960K
  class space    used 1533K, committed 1664K, reserved 1048576K
}
Event: 0.613 GC heap after
{Heap after GC invocations=2 (full 0):
 garbage-first heap   total 516096K, used 6514K [0x000000060b400000, 0x0000000800000000)
  region size 4096K, 1 young (4096K), 1 survivors (4096K)
 Metaspace       used 12769K, committed 13056K, reserved 1064960K
  class space    used 1533K, committed 1664K, reserved 1048576K
}
Event: 1.213 GC heap before
{Heap before GC invocations=2 (full 0):
 garbage-first heap   total 516096K, used 55666K [0x000000060b400000, 0x0000000800000000)
  region size 4096K, 14 young (57344K), 1 survivors (4096K)
 Metaspace       used 21178K, committed 21504K, reserved 1073152K
  class space    used 2664K, committed 2816K, reserved 1048576K
}
Event: 1.216 GC heap after
{Heap after GC invocations=3 (full 0):
 garbage-first heap   total 516096K, used 10104K [0x000000060b400000, 0x0000000800000000)
  region size 4096K, 2 young (8192K), 2 survivors (8192K)
 Metaspace       used 21178K, committed 21504K, reserved 1073152K
  class space    used 2664K, committed 2816K, reserved 1048576K
}

Deoptimization events (20 events):
Event: 1.501 Thread 0x000001a1454a5650 Uncommon trap: trap_request=0xffffffd6 fr.pc=0x000001a127ed1ed8 relative=0x0000000000000718
Event: 1.502 Thread 0x000001a1454a5650 Uncommon trap: reason=array_check action=maybe_recompile pc=0x000001a127ed1ed8 method=java.util.AbstractCollection.toArray([Ljava/lang/Object;)[Ljava/lang/Object; @ 116 c2
Event: 1.502 Thread 0x000001a1454a5650 DEOPT PACKING pc=0x000001a127ed1ed8 sp=0x000000456bafd9d0
Event: 1.502 Thread 0x000001a1454a5650 DEOPT UNPACKING pc=0x000001a1276123a3 sp=0x000000456bafd990 mode 2
Event: 1.502 Thread 0x000001a1454a5650 Uncommon trap: trap_request=0xffffffd6 fr.pc=0x000001a127ed1ed8 relative=0x0000000000000718
Event: 1.502 Thread 0x000001a1454a5650 Uncommon trap: reason=array_check action=maybe_recompile pc=0x000001a127ed1ed8 method=java.util.AbstractCollection.toArray([Ljava/lang/Object;)[Ljava/lang/Object; @ 116 c2
Event: 1.502 Thread 0x000001a1454a5650 DEOPT PACKING pc=0x000001a127ed1ed8 sp=0x000000456bafd9d0
Event: 1.502 Thread 0x000001a1454a5650 DEOPT UNPACKING pc=0x000001a1276123a3 sp=0x000000456bafd990 mode 2
Event: 1.502 Thread 0x000001a1454a5650 Uncommon trap: trap_request=0xffffffd6 fr.pc=0x000001a127ed1ed8 relative=0x0000000000000718
Event: 1.502 Thread 0x000001a1454a5650 Uncommon trap: reason=array_check action=maybe_recompile pc=0x000001a127ed1ed8 method=java.util.AbstractCollection.toArray([Ljava/lang/Object;)[Ljava/lang/Object; @ 116 c2
Event: 1.502 Thread 0x000001a1454a5650 DEOPT PACKING pc=0x000001a127ed1ed8 sp=0x000000456bafd9d0
Event: 1.502 Thread 0x000001a1454a5650 DEOPT UNPACKING pc=0x000001a1276123a3 sp=0x000000456bafd990 mode 2
Event: 1.511 Thread 0x000001a1454a5650 Uncommon trap: trap_request=0xffffff45 fr.pc=0x000001a127e01068 relative=0x0000000000000228
Event: 1.511 Thread 0x000001a1454a5650 Uncommon trap: reason=unstable_if action=reinterpret pc=0x000001a127e01068 method=org.springframework.util.ConcurrentReferenceHashMap$Segment.findInChain(Lorg/springframework/util/ConcurrentReferenceHashMap$Reference;Ljava/lang/Object;I)Lorg/springframewo
Event: 1.511 Thread 0x000001a1454a5650 DEOPT PACKING pc=0x000001a127e01068 sp=0x000000456bafccd0
Event: 1.511 Thread 0x000001a1454a5650 DEOPT UNPACKING pc=0x000001a1276123a3 sp=0x000000456bafcc78 mode 2
Event: 1.520 Thread 0x000001a1454a5650 Uncommon trap: trap_request=0xffffff45 fr.pc=0x000001a127e973b4 relative=0x00000000000031b4
Event: 1.520 Thread 0x000001a1454a5650 Uncommon trap: reason=unstable_if action=reinterpret pc=0x000001a127e973b4 method=org.springframework.beans.factory.support.AbstractBeanFactory.isTypeMatch(Ljava/lang/String;Lorg/springframework/core/ResolvableType;Z)Z @ 571 c2
Event: 1.520 Thread 0x000001a1454a5650 DEOPT PACKING pc=0x000001a127e973b4 sp=0x000000456bafa900
Event: 1.520 Thread 0x000001a1454a5650 DEOPT UNPACKING pc=0x000001a1276123a3 sp=0x000000456bafa918 mode 2

Classes unloaded (0 events):
No events

Classes redefined (0 events):
No events

Internal exceptions (20 events):
Event: 1.179 Thread 0x000001a1454a5650 Exception <a 'java/lang/NoSuchMethodError'{0x0000000627b67e58}: 'void java.lang.invoke.DirectMethodHandle$Holder.invokeInterface(java.lang.Object, java.lang.Object, int)'> (0x0000000627b67e58) 
thrown [s\open\src\hotspot\share\interpreter\linkResolver.cpp, line 759]
Event: 1.186 Thread 0x000001a1454a5650 Exception <a 'java/lang/IncompatibleClassChangeError'{0x0000000627bb7fc8}: Found class java.lang.Object, but interface was expected> (0x0000000627bb7fc8) 
thrown [s\open\src\hotspot\share\interpreter\linkResolver.cpp, line 826]
Event: 1.187 Thread 0x000001a1454a5650 Exception <a 'java/lang/NoSuchMethodError'{0x0000000627bc8a90}: 'int java.lang.invoke.DirectMethodHandle$Holder.invokeSpecialIFC(java.lang.Object, java.lang.Object, java.lang.Object)'> (0x0000000627bc8a90) 
thrown [s\open\src\hotspot\share\interpreter\linkResolver.cpp, line 759]
Event: 1.189 Thread 0x000001a1454a5650 Exception <a 'java/lang/NoSuchMethodError'{0x0000000627bd6958}: 'void java.lang.invoke.DirectMethodHandle$Holder.invokeStatic(java.lang.Object, int, java.lang.Object)'> (0x0000000627bd6958) 
thrown [s\open\src\hotspot\share\interpreter\linkResolver.cpp, line 759]
Event: 1.193 Thread 0x000001a1454a5650 Exception <a 'java/lang/NoSuchMethodError'{0x0000000627412be0}: 'void java.lang.invoke.DirectMethodHandle$Holder.invokeVirtual(java.lang.Object, java.lang.Object, int)'> (0x0000000627412be0) 
thrown [s\open\src\hotspot\share\interpreter\linkResolver.cpp, line 759]
Event: 1.193 Thread 0x000001a1454a5650 Exception <a 'java/lang/NoSuchMethodError'{0x0000000627418d98}: 'void java.lang.invoke.DirectMethodHandle$Holder.invokeStatic(java.lang.Object, java.lang.Object, java.lang.Object, int, java.lang.Object)'> (0x0000000627418d98) 
thrown [s\open\src\hotspot\share\interpreter\linkResolver.cpp, line 759]
Event: 1.194 Thread 0x000001a1454a5650 Exception <a 'java/lang/NoSuchMethodError'{0x0000000627420218}: 'java.lang.Object java.lang.invoke.DirectMethodHandle$Holder.newInvokeSpecial(java.lang.Object, java.lang.Object, java.lang.Object, int)'> (0x0000000627420218) 
thrown [s\open\src\hotspot\share\interpreter\linkResolver.cpp, line 759]
Event: 1.194 Thread 0x000001a1454a5650 Exception <a 'java/lang/NoSuchMethodError'{0x0000000627424500}: 'java.lang.Object java.lang.invoke.DirectMethodHandle$Holder.invokeSpecial(java.lang.Object, java.lang.Object, java.lang.Object, java.lang.Object, int)'> (0x0000000627424500) 
thrown [s\open\src\hotspot\share\interpreter\linkResolver.cpp, line 759]
Event: 1.194 Thread 0x000001a1454a5650 Exception <a 'java/lang/NoSuchMethodError'{0x00000006274280c8}: 'java.lang.Object java.lang.invoke.Invokers$Holder.linkToTargetMethod(java.lang.Object, java.lang.Object, int, java.lang.Object)'> (0x00000006274280c8) 
thrown [s\open\src\hotspot\share\interpreter\linkResolver.cpp, line 759]
Event: 1.252 Thread 0x000001a1454a5650 Exception <a 'java/lang/NoSuchMethodError'{0x000000060e8667d0}: 'java.lang.Object java.lang.invoke.DirectMethodHandle$Holder.invokeStaticInit(java.lang.Object, int, int, int, int)'> (0x000000060e8667d0) 
thrown [s\open\src\hotspot\share\interpreter\linkResolver.cpp, line 759]
Event: 1.273 Thread 0x000001a1454a5650 Exception <a 'java/lang/NoSuchMethodError'{0x000000060e8a9bc8}: 'java.lang.Object java.lang.invoke.DirectMethodHandle$Holder.invokeStaticInit(java.lang.Object, java.lang.Object, int, int, int, int)'> (0x000000060e8a9bc8) 
thrown [s\open\src\hotspot\share\interpreter\linkResolver.cpp, line 759]
Event: 1.366 Thread 0x000001a1454a5650 Exception <a 'sun/nio/fs/WindowsException'{0x000000060e77e0c0}> (0x000000060e77e0c0) 
thrown [s\open\src\hotspot\share\prims\jni.cpp, line 516]
Event: 1.367 Thread 0x000001a1454a5650 Exception <a 'sun/nio/fs/WindowsException'{0x000000060e783a20}> (0x000000060e783a20) 
thrown [s\open\src\hotspot\share\prims\jni.cpp, line 516]
Event: 1.367 Thread 0x000001a1454a5650 Exception <a 'sun/nio/fs/WindowsException'{0x000000060e7840b8}> (0x000000060e7840b8) 
thrown [s\open\src\hotspot\share\prims\jni.cpp, line 516]
Event: 1.384 Thread 0x000001a1454a5650 Exception <a 'java/lang/NoSuchMethodError'{0x000000060e086920}: 'java.lang.Object java.lang.invoke.DirectMethodHandle$Holder.invokeSpecial(java.lang.Object, java.lang.Object, long, java.lang.Object, java.lang.Object, java.lang.Object, java.lang.Object, java.lang.Object, java.lang.Object)'> (0x000000060e086920) 
thrown [s\open\src\hotspot\share\interpreter\linkResolver.cpp, line 759]
Event: 1.384 Thread 0x000001a1454a5650 Exception <a 'java/lang/NoSuchMethodError'{0x000000060e08b448}: 'java.lang.Object java.lang.invoke.DelegatingMethodHandle$Holder.reinvoke_L(java.lang.Object, long, java.lang.Object, java.lang.Object, java.lang.Object, java.lang.Object, java.lang.Object, java.lang.Object)'> (0x000000060e08b448) 
thrown [s\open\src\hotspot\share\interpreter\linkResolver.cpp, line 759]
Event: 1.409 Thread 0x000001a1454a5650 Exception <a 'java/io/FileNotFoundException'{0x000000060e2324a0}> (0x000000060e2324a0) 
thrown [s\open\src\hotspot\share\prims\jni.cpp, line 516]
Event: 1.419 Thread 0x000001a1454a5650 Exception <a 'java/lang/NoSuchMethodError'{0x000000060e2fa050}: 'int java.lang.invoke.DirectMethodHandle$Holder.invokeInterface(java.lang.Object, java.lang.Object, java.lang.Object, java.lang.Object)'> (0x000000060e2fa050) 
thrown [s\open\src\hotspot\share\interpreter\linkResolver.cpp, line 759]
Event: 1.448 Thread 0x000001a1454a5650 Exception <a 'java/lang/NoSuchMethodError'{0x000000060dcbc288}: 'long java.lang.invoke.DirectMethodHandle$Holder.invokeVirtual(java.lang.Object, java.lang.Object)'> (0x000000060dcbc288) 
thrown [s\open\src\hotspot\share\interpreter\linkResolver.cpp, line 759]
Event: 1.451 Thread 0x000001a1454a5650 Exception <a 'java/io/FileNotFoundException'{0x000000060dce9a40}> (0x000000060dce9a40) 
thrown [s\open\src\hotspot\share\prims\jni.cpp, line 516]

VM Operations (20 events):
Event: 1.246 Executing VM operation: HandshakeAllThreads
Event: 1.246 Executing VM operation: HandshakeAllThreads done
Event: 1.341 Executing VM operation: HandshakeAllThreads
Event: 1.341 Executing VM operation: HandshakeAllThreads done
Event: 1.391 Executing VM operation: HandshakeAllThreads
Event: 1.391 Executing VM operation: HandshakeAllThreads done
Event: 1.393 Executing VM operation: HandshakeAllThreads
Event: 1.393 Executing VM operation: HandshakeAllThreads done
Event: 1.431 Executing VM operation: HandshakeAllThreads
Event: 1.431 Executing VM operation: HandshakeAllThreads done
Event: 1.432 Executing VM operation: HandshakeAllThreads
Event: 1.432 Executing VM operation: HandshakeAllThreads done
Event: 1.453 Executing VM operation: HandshakeAllThreads
Event: 1.453 Executing VM operation: HandshakeAllThreads done
Event: 1.463 Executing VM operation: ICBufferFull
Event: 1.463 Executing VM operation: ICBufferFull done
Event: 1.509 Executing VM operation: HandshakeAllThreads
Event: 1.509 Executing VM operation: HandshakeAllThreads done
Event: 1.525 Executing VM operation: HandshakeAllThreads
Event: 1.525 Executing VM operation: HandshakeAllThreads done

Events (20 events):
Event: 1.488 loading class java/util/regex/Pattern$1
Event: 1.488 loading class java/util/regex/Pattern$1 done
Event: 1.492 loading class java/io/StringWriter
Event: 1.492 loading class java/io/StringWriter done
Event: 1.498 loading class sun/reflect/generics/scope/ConstructorScope
Event: 1.498 loading class sun/reflect/generics/scope/ConstructorScope done
Event: 1.509 loading class java/util/ArrayList$ListItr
Event: 1.509 loading class java/util/ArrayList$ListItr done
Event: 1.556 loading class java/util/EnumMap$EntrySet
Event: 1.556 loading class java/util/EnumMap$EntrySet done
Event: 1.556 loading class java/util/EnumMap$EntryIterator
Event: 1.556 loading class java/util/EnumMap$EnumMapIterator
Event: 1.556 loading class java/util/EnumMap$EnumMapIterator done
Event: 1.556 loading class java/util/EnumMap$EntryIterator done
Event: 1.557 loading class java/lang/SafeVarargs
Event: 1.557 loading class java/lang/SafeVarargs done
Event: 1.559 loading class java/lang/reflect/MalformedParametersException
Event: 1.559 loading class java/lang/reflect/MalformedParametersException done
Event: 1.565 loading class sun/reflect/misc/ReflectUtil
Event: 1.565 loading class sun/reflect/misc/ReflectUtil done


Dynamic libraries:
0x00007ff69aa00000 - 0x00007ff69aa10000 	C:\Program Files\Java\jdk-17\bin\java.exe
0x00007ffc40a10000 - 0x00007ffc40c08000 	C:\Windows\SYSTEM32\ntdll.dll
0x00007ffc400b0000 - 0x00007ffc4016f000 	C:\Windows\System32\KERNEL32.DLL
0x00007ffc3e380000 - 0x00007ffc3e676000 	C:\Windows\System32\KERNELBASE.dll
0x00007ffc3e0f0000 - 0x00007ffc3e1f0000 	C:\Windows\System32\ucrtbase.dll
0x00007ffc2dd10000 - 0x00007ffc2dd29000 	C:\Program Files\Java\jdk-17\bin\jli.dll
0x00007ffc2e1a0000 - 0x00007ffc2e1bb000 	C:\Program Files\Java\jdk-17\bin\VCRUNTIME140.dll
0x00007ffc3f560000 - 0x00007ffc3f60f000 	C:\Windows\System32\ADVAPI32.dll
0x00007ffc3ed30000 - 0x00007ffc3edce000 	C:\Windows\System32\msvcrt.dll
0x00007ffc3ef50000 - 0x00007ffc3efec000 	C:\Windows\System32\sechost.dll
0x00007ffc3ff80000 - 0x00007ffc400a6000 	C:\Windows\System32\RPCRT4.dll
0x00007ffc3eff0000 - 0x00007ffc3f18d000 	C:\Windows\System32\USER32.dll
0x00007ffc205c0000 - 0x00007ffc2085a000 	C:\Windows\WinSxS\amd64_microsoft.windows.common-controls_6595b64144ccf1df_6.0.19041.1110_none_60b5254171f9507e\COMCTL32.dll
0x00007ffc3e950000 - 0x00007ffc3e972000 	C:\Windows\System32\win32u.dll
0x00007ffc3f190000 - 0x00007ffc3f1bc000 	C:\Windows\System32\GDI32.dll
0x00007ffc3e260000 - 0x00007ffc3e375000 	C:\Windows\System32\gdi32full.dll
0x00007ffc3e9d0000 - 0x00007ffc3ea6d000 	C:\Windows\System32\msvcp_win.dll
0x00007ffc35b60000 - 0x00007ffc35b6a000 	C:\Windows\SYSTEM32\VERSION.dll
0x00007ffc3f1d0000 - 0x00007ffc3f200000 	C:\Windows\System32\IMM32.DLL
0x00007ffc2e920000 - 0x00007ffc2e92c000 	C:\Program Files\Java\jdk-17\bin\vcruntime140_1.dll
0x00007ffc20bf0000 - 0x00007ffc20c7e000 	C:\Program Files\Java\jdk-17\bin\msvcp140.dll
0x00007ffc0b630000 - 0x00007ffc0c20d000 	C:\Program Files\Java\jdk-17\bin\server\jvm.dll
0x00007ffc3ed20000 - 0x00007ffc3ed28000 	C:\Windows\System32\PSAPI.DLL
0x00007ffc2ae70000 - 0x00007ffc2ae79000 	C:\Windows\SYSTEM32\WSOCK32.dll
0x00007ffc35b30000 - 0x00007ffc35b57000 	C:\Windows\SYSTEM32\WINMM.dll
0x00007ffc407e0000 - 0x00007ffc4084b000 	C:\Windows\System32\WS2_32.dll
0x00007ffc3b910000 - 0x00007ffc3b922000 	C:\Windows\SYSTEM32\kernel.appcore.dll
0x00007ffc2e700000 - 0x00007ffc2e70a000 	C:\Program Files\Java\jdk-17\bin\jimage.dll
0x00007ffc3db20000 - 0x00007ffc3dd04000 	C:\Windows\SYSTEM32\DBGHELP.DLL
0x00007ffc290a0000 - 0x00007ffc290d4000 	C:\Windows\SYSTEM32\dbgcore.DLL
0x00007ffc3e730000 - 0x00007ffc3e7b2000 	C:\Windows\System32\bcryptPrimitives.dll
0x00007ffc3d700000 - 0x00007ffc3d70e000 	C:\Program Files\Java\jdk-17\bin\instrument.dll
0x00007ffc2dce0000 - 0x00007ffc2dd05000 	C:\Program Files\Java\jdk-17\bin\java.dll
0x00007ffc1d120000 - 0x00007ffc1d1f7000 	C:\Program Files\Java\jdk-17\bin\jsvml.dll
0x00007ffc3f610000 - 0x00007ffc3fd54000 	C:\Windows\System32\SHELL32.dll
0x00007ffc3bb10000 - 0x00007ffc3c2a3000 	C:\Windows\SYSTEM32\windows.storage.dll
0x00007ffc3f200000 - 0x00007ffc3f554000 	C:\Windows\System32\combase.dll
0x00007ffc3d2f0000 - 0x00007ffc3d31e000 	C:\Windows\SYSTEM32\Wldp.dll
0x00007ffc3ee30000 - 0x00007ffc3eedd000 	C:\Windows\System32\SHCORE.dll
0x00007ffc3edd0000 - 0x00007ffc3ee25000 	C:\Windows\System32\shlwapi.dll
0x00007ffc3e030000 - 0x00007ffc3e04f000 	C:\Windows\SYSTEM32\profapi.dll
0x00007ffc2d6d0000 - 0x00007ffc2d6e8000 	C:\Program Files\Java\jdk-17\bin\zip.dll
0x00007ffc2d710000 - 0x00007ffc2d729000 	C:\Program Files\Java\jdk-17\bin\net.dll
0x00007ffc36d80000 - 0x00007ffc36e8a000 	C:\Windows\SYSTEM32\WINHTTP.dll
0x00007ffc3d0d0000 - 0x00007ffc3d13a000 	C:\Windows\system32\mswsock.dll
0x00007ffc2d6f0000 - 0x00007ffc2d706000 	C:\Program Files\Java\jdk-17\bin\nio.dll
0x00007ffc3d6b0000 - 0x00007ffc3d6ca000 	D:\Intellij IDE\IntelliJ IDEA Community Edition 2023.1.3\bin\breakgen64.dll
0x00007ffc3d6a0000 - 0x00007ffc3d6aa000 	C:\Program Files\Java\jdk-17\bin\management.dll
0x00007ffc3d690000 - 0x00007ffc3d69b000 	C:\Program Files\Java\jdk-17\bin\management_ext.dll
0x00007ffc3de80000 - 0x00007ffc3de98000 	C:\Windows\SYSTEM32\CRYPTSP.dll
0x00007ffc3ca70000 - 0x00007ffc3caa4000 	C:\Windows\system32\rsaenh.dll
0x00007ffc3e7c0000 - 0x00007ffc3e7e7000 	C:\Windows\System32\bcrypt.dll
0x00007ffc3dfb0000 - 0x00007ffc3dfde000 	C:\Windows\SYSTEM32\USERENV.dll
0x00007ffc3d260000 - 0x00007ffc3d26c000 	C:\Windows\SYSTEM32\CRYPTBASE.dll
0x00007ffc3cde0000 - 0x00007ffc3ce1c000 	C:\Windows\SYSTEM32\IPHLPAPI.DLL
0x00007ffc3f1c0000 - 0x00007ffc3f1c8000 	C:\Windows\System32\NSI.dll
0x00007ffc374a0000 - 0x00007ffc374b7000 	C:\Windows\SYSTEM32\dhcpcsvc6.DLL
0x00007ffc37350000 - 0x00007ffc3736d000 	C:\Windows\SYSTEM32\dhcpcsvc.DLL
0x00007ffc3ce20000 - 0x00007ffc3ceea000 	C:\Windows\SYSTEM32\DNSAPI.dll
0x00007ffc38090000 - 0x00007ffc3809d000 	C:\Program Files\Java\jdk-17\bin\sunmscapi.dll
0x00007ffc3e7f0000 - 0x00007ffc3e94e000 	C:\Windows\System32\CRYPT32.dll
0x00007ffc3d4b0000 - 0x00007ffc3d4d8000 	C:\Windows\SYSTEM32\ncrypt.dll
0x00007ffc3d470000 - 0x00007ffc3d4ab000 	C:\Windows\SYSTEM32\NTASN1.dll

dbghelp: loaded successfully - version: 4.0.5 - missing functions: none
symbol engine: initialized successfully - sym options: 0x614 - pdb path: .;C:\Program Files\Java\jdk-17\bin;C:\Windows\SYSTEM32;C:\Windows\WinSxS\amd64_microsoft.windows.common-controls_6595b64144ccf1df_6.0.19041.1110_none_60b5254171f9507e;C:\Program Files\Java\jdk-17\bin\server;D:\Intellij IDE\IntelliJ IDEA Community Edition 2023.1.3\bin

VM Arguments:
jvm_args: -javaagent:D:\Intellij IDE\IntelliJ IDEA Community Edition 2023.1.3\lib\idea_rt.jar=54419:D:\Intellij IDE\IntelliJ IDEA Community Edition 2023.1.3\bin -Dfile.encoding=UTF-8 
java_command: com.mj.market.MarketApplication
java_class_path (initial): D:\Programowanie\Projekty\market\target\classes;C:\Users\j\.m2\repository\org\springframework\boot\spring-boot-starter-thymeleaf\3.1.2\spring-boot-starter-thymeleaf-3.1.2.jar;C:\Users\j\.m2\repository\org\springframework\boot\spring-boot-starter\3.1.2\spring-boot-starter-3.1.2.jar;C:\Users\j\.m2\repository\org\springframework\boot\spring-boot-starter-logging\3.1.2\spring-boot-starter-logging-3.1.2.jar;C:\Users\j\.m2\repository\ch\qos\logback\logback-classic\1.4.8\logback-classic-1.4.8.jar;C:\Users\j\.m2\repository\ch\qos\logback\logback-core\1.4.8\logback-core-1.4.8.jar;C:\Users\j\.m2\repository\org\apache\logging\log4j\log4j-to-slf4j\2.20.0\log4j-to-slf4j-2.20.0.jar;C:\Users\j\.m2\repository\org\apache\logging\log4j\log4j-api\2.20.0\log4j-api-2.20.0.jar;C:\Users\j\.m2\repository\org\slf4j\jul-to-slf4j\2.0.7\jul-to-slf4j-2.0.7.jar;C:\Users\j\.m2\repository\jakarta\annotation\jakarta.annotation-api\2.1.1\jakarta.annotation-api-2.1.1.jar;C:\Users\j\.m2\repository\org\yaml\snakeyaml\1.33\snakeyaml-1.33.jar;C:\Users\j\.m2\repository\org\thymeleaf\thymeleaf-spring6\3.1.1.RELEASE\thymeleaf-spring6-3.1.1.RELEASE.jar;C:\Users\j\.m2\repository\org\thymeleaf\thymeleaf\3.1.1.RELEASE\thymeleaf-3.1.1.RELEASE.jar;C:\Users\j\.m2\repository\org\attoparser\attoparser\2.0.6.RELEASE\attoparser-2.0.6.RELEASE.jar;C:\Users\j\.m2\repository\org\unbescape\unbescape\1.1.6.RELEASE\unbescape-1.1.6.RELEASE.jar;C:\Users\j\.m2\repository\org\slf4j\slf4j-api\2.0.7\slf4j-api-2.0.7.jar;C:\Users\j\.m2\repository\org\springframework\boot\spring-boot-starter-web\3.1.2\spring-boot-starter-web-3.1.2.jar;C:\Users\j\.m2\repository\org\springframework\boot\spring-boot-starter-json\3.1.2\spring-boot-starter-json-3.1.2.jar;C:\Users\j\.m2\repository\com\fasterxml\jackson\core\jackson-databind\2.15.2\jackson-databind-2.15.2.jar;C:\Users\j\.m2\repository\com\fasterxml\jackson\core\jackson-annotations\2.15.2\jackson-annotations-2.15.2.jar;C:\Users\j\.m2\repository\com\fasterxml\jacks
Launcher Type: SUN_STANDARD

[Global flags]
     intx CICompilerCount                          = 12                                        {product} {ergonomic}
     uint ConcGCThreads                            = 3                                         {product} {ergonomic}
     uint G1ConcRefinementThreads                  = 13                                        {product} {ergonomic}
   size_t G1HeapRegionSize                         = 4194304                                   {product} {ergonomic}
    uintx GCDrainStackTargetSize                   = 64                                        {product} {ergonomic}
   size_t InitialHeapSize                          = 528482304                                 {product} {ergonomic}
   size_t MarkStackSize                            = 4194304                                   {product} {ergonomic}
   size_t MaxHeapSize                              = 8401190912                                {product} {ergonomic}
   size_t MaxNewSize                               = 5037359104                                {product} {ergonomic}
   size_t MinHeapDeltaBytes                        = 4194304                                   {product} {ergonomic}
   size_t MinHeapSize                              = 8388608                                   {product} {ergonomic}
    uintx NonNMethodCodeHeapSize                   = 7602480                                {pd product} {ergonomic}
    uintx NonProfiledCodeHeapSize                  = 122027880                              {pd product} {ergonomic}
    uintx ProfiledCodeHeapSize                     = 122027880                              {pd product} {ergonomic}
    uintx ReservedCodeCacheSize                    = 251658240                              {pd product} {ergonomic}
     bool SegmentedCodeCache                       = true                                      {product} {ergonomic}
   size_t SoftMaxHeapSize                          = 8401190912                             {manageable} {ergonomic}
     bool UseCompressedClassPointers               = true                           {product lp64_product} {ergonomic}
     bool UseCompressedOops                        = true                           {product lp64_product} {ergonomic}
     bool UseG1GC                                  = true                                      {product} {ergonomic}
     bool UseLargePagesIndividualAllocation        = false                                  {pd product} {ergonomic}

Logging:
Log output configuration:
 #0: stdout all=warning uptime,level,tags
 #1: stderr all=off uptime,level,tags

Environment Variables:
JAVA_HOME=C:\Program Files\Java\jdk-17
PATH=C:\Program Files\Common Files\Oracle\Java\javapath;C:\Windows\system32;C:\Windows;C:\Windows\System32\Wbem;C:\Windows\System32\WindowsPowerShell\v1.0\;C:\Windows\System32\OpenSSH\;C:\Program Files\Git\cmd;C:\Program Files\Docker\Docker\resources\bin;C:\Users\j\AppData\Local\Microsoft\WindowsApps;D:\Intellij IDE\IntelliJ IDEA Community Edition 2023.1.3\bin;;C:\Program Files\Java\jdk-17\bin;;D:\VS Code IDE\bin
USERNAME=j
OS=Windows_NT
PROCESSOR_IDENTIFIER=AMD64 Family 25 Model 80 Stepping 0, AuthenticAMD



---------------  S Y S T E M  ---------------

OS:
 Windows 10 , 64 bit Build 19041 (10.0.19041.3031)
OS uptime: 1 days 3:30 hours
Hyper-V role detected

CPU: total 16 (initial active 16) (16 cores per cpu, 2 threads per core) family 25 model 80 stepping 0 microcode 0x0, cx8, cmov, fxsr, ht, mmx, 3dnowpref, sse, sse2, sse3, ssse3, sse4a, sse4.1, sse4.2, popcnt, lzcnt, tsc, tscinvbit, avx, avx2, aes, erms, clmul, bmi1, bmi2, adx, sha, fma, vzeroupper, clflush, clflushopt, hv

Memory: 4k page, system-wide physical 32043M (22419M free)
TotalPageFile size 36907M (AvailPageFile size 25402M)
current process WorkingSet (physical memory assigned to process): 161M, peak: 179M
current process commit charge ("private bytes"): 244M, peak: 691M

vm_info: Java HotSpot(TM) 64-Bit Server VM (17.0.7+8-LTS-224) for windows-amd64 JRE (17.0.7+8-LTS-224), built on Feb 28 2023 23:03:02 by "mach5one" with MS VC++ 17.1 (VS2022)

END.
